2013-02-07 15:40:36,865 - Trying to use logger class org.apache.velocity.runtime.log.Log4JLogChute
2013-02-07 15:40:36,866 - Using logger class org.apache.velocity.runtime.log.Log4JLogChute
2013-02-07 15:40:36,869 - Default ResourceManager initializing. (class org.apache.velocity.runtime.resource.ResourceManagerImpl)
2013-02-07 15:40:36,872 - ResourceLoader instantiated: org.apache.velocity.runtime.resource.loader.ClasspathResourceLoader
2013-02-07 15:40:36,893 - ResourceCache: initialized (class org.apache.velocity.runtime.resource.ResourceCacheImpl)
2013-02-07 15:40:36,896 - Loaded System Directive: org.apache.velocity.runtime.directive.Literal
2013-02-07 15:40:36,898 - Loaded System Directive: org.apache.velocity.runtime.directive.Macro
2013-02-07 15:40:36,900 - Loaded System Directive: org.apache.velocity.runtime.directive.Parse
2013-02-07 15:40:36,902 - Loaded System Directive: org.apache.velocity.runtime.directive.Include
2013-02-07 15:40:36,903 - Loaded System Directive: org.apache.velocity.runtime.directive.Foreach
2013-02-07 15:40:36,937 - Created '20' parsers.
2013-02-07 15:40:36,943 - Velocimacro : "velocimacro.library" is not set.  Trying default library: VM_global_library.vm
2013-02-07 15:40:36,944 - Velocimacro : Default library not found.
2013-02-07 15:40:36,944 - Velocimacro : allowInline = true : VMs can be defined inline in templates
2013-02-07 15:40:36,944 - Velocimacro : allowInlineToOverride = false : VMs defined inline may NOT replace previous VM definitions
2013-02-07 15:40:36,944 - Velocimacro : allowInlineLocal = false : VMs defined inline will be global in scope if allowed.
2013-02-07 15:40:36,944 - Velocimacro : autoload off : VM system will not automatically reload global library macros
2013-02-07 15:40:36,958 - ResourceManager : found /templates/r2rml/subjectMap.vm with loader org.apache.velocity.runtime.resource.loader.ClasspathResourceLoader
2013-02-07 15:41:53,578 - Log4JLogChute initialized using file 'velocity.log'
2013-02-07 15:41:53,618 - Starting Apache Velocity v1.5 (compiled: 2007-02-22 08:52:29)
2013-02-07 15:41:53,618 - Default Properties File: org\apache\velocity\runtime\defaults\velocity.properties
2013-02-07 15:41:53,618 - Trying to use logger class org.apache.velocity.runtime.log.AvalonLogChute
2013-02-07 15:41:53,619 - Couldn't find class org.apache.velocity.runtime.log.AvalonLogChute or necessary supporting classes in classpath.
java.lang.NoClassDefFoundError: org/apache/log/format/Formatter
	at java.lang.Class.forName0(Native Method)
	at java.lang.Class.forName(Class.java:264)
	at org.apache.velocity.util.ClassUtils.getClass(ClassUtils.java:63)
	at org.apache.velocity.util.ClassUtils.getNewInstance(ClassUtils.java:95)
	at org.apache.velocity.runtime.log.LogManager.createLogChute(LogManager.java:147)
	at org.apache.velocity.runtime.log.LogManager.updateLog(LogManager.java:208)
	at org.apache.velocity.runtime.RuntimeInstance.initializeLog(RuntimeInstance.java:728)
	at org.apache.velocity.runtime.RuntimeInstance.init(RuntimeInstance.java:240)
	at org.apache.velocity.runtime.RuntimeSingleton.init(RuntimeSingleton.java:113)
	at org.apache.velocity.app.Velocity.init(Velocity.java:83)
	at rdb2rdfmappingbuilder.TemplateUtil.loadTemplate(TemplateUtil.java:50)
	at rdb2rdfmappingbuilder.TemplateUtil.applyTemplate(TemplateUtil.java:22)
	at rdb2rdfmappingbuilder.MainController.createR2rmlFired(MainController.java:559)
	at sun.reflect.NativeMethodAccessorImpl.invoke0(Native Method)
	at sun.reflect.NativeMethodAccessorImpl.invoke(NativeMethodAccessorImpl.java:57)
	at sun.reflect.DelegatingMethodAccessorImpl.invoke(DelegatingMethodAccessorImpl.java:43)
	at java.lang.reflect.Method.invoke(Method.java:601)
	at javafx.fxml.FXMLLoader$ControllerMethodEventHandler.handle(FXMLLoader.java:1435)
	at com.sun.javafx.event.CompositeEventHandler.dispatchBubblingEvent(CompositeEventHandler.java:69)
	at com.sun.javafx.event.EventHandlerManager.dispatchBubblingEvent(EventHandlerManager.java:217)
	at com.sun.javafx.event.EventHandlerManager.dispatchBubblingEvent(EventHandlerManager.java:170)
	at com.sun.javafx.event.CompositeEventDispatcher.dispatchBubblingEvent(CompositeEventDispatcher.java:38)
	at com.sun.javafx.event.BasicEventDispatcher.dispatchEvent(BasicEventDispatcher.java:37)
	at com.sun.javafx.event.EventDispatchChainImpl.dispatchEvent(EventDispatchChainImpl.java:92)
	at com.sun.javafx.event.BasicEventDispatcher.dispatchEvent(BasicEventDispatcher.java:35)
	at com.sun.javafx.event.EventDispatchChainImpl.dispatchEvent(EventDispatchChainImpl.java:92)
	at com.sun.javafx.event.BasicEventDispatcher.dispatchEvent(BasicEventDispatcher.java:35)
	at com.sun.javafx.event.EventDispatchChainImpl.dispatchEvent(EventDispatchChainImpl.java:92)
	at com.sun.javafx.event.BasicEventDispatcher.dispatchEvent(BasicEventDispatcher.java:35)
	at com.sun.javafx.event.EventDispatchChainImpl.dispatchEvent(EventDispatchChainImpl.java:92)
	at com.sun.javafx.event.BasicEventDispatcher.dispatchEvent(BasicEventDispatcher.java:35)
	at com.sun.javafx.event.EventDispatchChainImpl.dispatchEvent(EventDispatchChainImpl.java:92)
	at com.sun.javafx.event.BasicEventDispatcher.dispatchEvent(BasicEventDispatcher.java:35)
	at com.sun.javafx.event.EventDispatchChainImpl.dispatchEvent(EventDispatchChainImpl.java:92)
	at com.sun.javafx.event.BasicEventDispatcher.dispatchEvent(BasicEventDispatcher.java:35)
	at com.sun.javafx.event.EventDispatchChainImpl.dispatchEvent(EventDispatchChainImpl.java:92)
	at com.sun.javafx.event.BasicEventDispatcher.dispatchEvent(BasicEventDispatcher.java:35)
	at com.sun.javafx.event.EventDispatchChainImpl.dispatchEvent(EventDispatchChainImpl.java:92)
	at com.sun.javafx.event.EventUtil.fireEventImpl(EventUtil.java:53)
	at com.sun.javafx.event.EventUtil.fireEvent(EventUtil.java:28)
	at javafx.event.Event.fireEvent(Event.java:171)
	at javafx.scene.Node.fireEvent(Node.java:6863)
	at javafx.scene.control.Button.fire(Button.java:179)
	at com.sun.javafx.scene.control.behavior.ButtonBehavior.mouseReleased(ButtonBehavior.java:193)
	at com.sun.javafx.scene.control.skin.SkinBase$4.handle(SkinBase.java:336)
	at com.sun.javafx.scene.control.skin.SkinBase$4.handle(SkinBase.java:329)
	at com.sun.javafx.event.CompositeEventHandler.dispatchBubblingEvent(CompositeEventHandler.java:64)
	at com.sun.javafx.event.EventHandlerManager.dispatchBubblingEvent(EventHandlerManager.java:217)
	at com.sun.javafx.event.EventHandlerManager.dispatchBubblingEvent(EventHandlerManager.java:170)
	at com.sun.javafx.event.CompositeEventDispatcher.dispatchBubblingEvent(CompositeEventDispatcher.java:38)
	at com.sun.javafx.event.BasicEventDispatcher.dispatchEvent(BasicEventDispatcher.java:37)
	at com.sun.javafx.event.EventDispatchChainImpl.dispatchEvent(EventDispatchChainImpl.java:92)
	at com.sun.javafx.event.BasicEventDispatcher.dispatchEvent(BasicEventDispatcher.java:35)
	at com.sun.javafx.event.EventDispatchChainImpl.dispatchEvent(EventDispatchChainImpl.java:92)
	at com.sun.javafx.event.BasicEventDispatcher.dispatchEvent(BasicEventDispatcher.java:35)
	at com.sun.javafx.event.EventDispatchChainImpl.dispatchEvent(EventDispatchChainImpl.java:92)
	at com.sun.javafx.event.BasicEventDispatcher.dispatchEvent(BasicEventDispatcher.java:35)
	at com.sun.javafx.event.EventDispatchChainImpl.dispatchEvent(EventDispatchChainImpl.java:92)
	at com.sun.javafx.event.BasicEventDispatcher.dispatchEvent(BasicEventDispatcher.java:35)
	at com.sun.javafx.event.EventDispatchChainImpl.dispatchEvent(EventDispatchChainImpl.java:92)
	at com.sun.javafx.event.BasicEventDispatcher.dispatchEvent(BasicEventDispatcher.java:35)
	at com.sun.javafx.event.EventDispatchChainImpl.dispatchEvent(EventDispatchChainImpl.java:92)
	at com.sun.javafx.event.BasicEventDispatcher.dispatchEvent(BasicEventDispatcher.java:35)
	at com.sun.javafx.event.EventDispatchChainImpl.dispatchEvent(EventDispatchChainImpl.java:92)
	at com.sun.javafx.event.BasicEventDispatcher.dispatchEvent(BasicEventDispatcher.java:35)
	at com.sun.javafx.event.EventDispatchChainImpl.dispatchEvent(EventDispatchChainImpl.java:92)
	at com.sun.javafx.event.BasicEventDispatcher.dispatchEvent(BasicEventDispatcher.java:35)
	at com.sun.javafx.event.EventDispatchChainImpl.dispatchEvent(EventDispatchChainImpl.java:92)
	at com.sun.javafx.event.EventUtil.fireEventImpl(EventUtil.java:53)
	at com.sun.javafx.event.EventUtil.fireEvent(EventUtil.java:33)
	at javafx.event.Event.fireEvent(Event.java:171)
	at javafx.scene.Scene$MouseHandler.process(Scene.java:3324)
	at javafx.scene.Scene$MouseHandler.process(Scene.java:3164)
	at javafx.scene.Scene$MouseHandler.access$1900(Scene.java:3119)
	at javafx.scene.Scene.impl_processMouseEvent(Scene.java:1559)
	at javafx.scene.Scene$ScenePeerListener.mouseEvent(Scene.java:2261)
	at com.sun.javafx.tk.quantum.GlassViewEventHandler.handleMouseEvent(GlassViewEventHandler.java:228)
	at com.sun.glass.ui.View.handleMouseEvent(View.java:528)
	at com.sun.glass.ui.View.notifyMouse(View.java:922)
	at com.sun.glass.ui.win.WinApplication._runLoop(Native Method)
	at com.sun.glass.ui.win.WinApplication.access$100(WinApplication.java:29)
	at com.sun.glass.ui.win.WinApplication$3$1.run(WinApplication.java:73)
	at java.lang.Thread.run(Thread.java:722)
Caused by: java.lang.ClassNotFoundException: org.apache.log.format.Formatter
	at java.net.URLClassLoader$1.run(URLClassLoader.java:366)
	at java.net.URLClassLoader$1.run(URLClassLoader.java:355)
	at java.security.AccessController.doPrivileged(Native Method)
	at java.net.URLClassLoader.findClass(URLClassLoader.java:354)
	at java.lang.ClassLoader.loadClass(ClassLoader.java:423)
	at java.lang.ClassLoader.loadClass(ClassLoader.java:356)
	... 83 more
2013-02-07 15:41:53,622 - Trying to use logger class org.apache.velocity.runtime.log.Log4JLogChute
2013-02-07 15:41:53,622 - Using logger class org.apache.velocity.runtime.log.Log4JLogChute
2013-02-07 15:41:53,624 - Default ResourceManager initializing. (class org.apache.velocity.runtime.resource.ResourceManagerImpl)
2013-02-07 15:41:53,626 - ResourceLoader instantiated: org.apache.velocity.runtime.resource.loader.ClasspathResourceLoader
2013-02-07 15:41:53,656 - ResourceCache: initialized (class org.apache.velocity.runtime.resource.ResourceCacheImpl)
2013-02-07 15:41:53,657 - Loaded System Directive: org.apache.velocity.runtime.directive.Literal
2013-02-07 15:41:53,658 - Loaded System Directive: org.apache.velocity.runtime.directive.Macro
2013-02-07 15:41:53,659 - Loaded System Directive: org.apache.velocity.runtime.directive.Parse
2013-02-07 15:41:53,661 - Loaded System Directive: org.apache.velocity.runtime.directive.Include
2013-02-07 15:41:53,662 - Loaded System Directive: org.apache.velocity.runtime.directive.Foreach
2013-02-07 15:41:53,695 - Created '20' parsers.
2013-02-07 15:41:53,701 - Velocimacro : "velocimacro.library" is not set.  Trying default library: VM_global_library.vm
2013-02-07 15:41:53,701 - Velocimacro : Default library not found.
2013-02-07 15:41:53,701 - Velocimacro : allowInline = true : VMs can be defined inline in templates
2013-02-07 15:41:53,701 - Velocimacro : allowInlineToOverride = false : VMs defined inline may NOT replace previous VM definitions
2013-02-07 15:41:53,702 - Velocimacro : allowInlineLocal = false : VMs defined inline will be global in scope if allowed.
2013-02-07 15:41:53,702 - Velocimacro : autoload off : VM system will not automatically reload global library macros
2013-02-07 15:41:53,713 - ResourceManager : found /templates/r2rml/subjectMap.vm with loader org.apache.velocity.runtime.resource.loader.ClasspathResourceLoader
2013-02-07 15:44:17,695 - Log4JLogChute initialized using file 'velocity.log'
2013-02-07 15:44:17,696 - Starting Apache Velocity v1.5 (compiled: 2007-02-22 08:52:29)
2013-02-07 15:44:17,696 - Default Properties File: org\apache\velocity\runtime\defaults\velocity.properties
2013-02-07 15:44:17,696 - Trying to use logger class org.apache.velocity.runtime.log.AvalonLogChute
2013-02-07 15:44:17,697 - Couldn't find class org.apache.velocity.runtime.log.AvalonLogChute or necessary supporting classes in classpath.
java.lang.NoClassDefFoundError: org/apache/log/format/Formatter
	at java.lang.Class.forName0(Native Method)
	at java.lang.Class.forName(Class.java:264)
	at org.apache.velocity.util.ClassUtils.getClass(ClassUtils.java:63)
	at org.apache.velocity.util.ClassUtils.getNewInstance(ClassUtils.java:95)
	at org.apache.velocity.runtime.log.LogManager.createLogChute(LogManager.java:147)
	at org.apache.velocity.runtime.log.LogManager.updateLog(LogManager.java:208)
	at org.apache.velocity.runtime.RuntimeInstance.initializeLog(RuntimeInstance.java:728)
	at org.apache.velocity.runtime.RuntimeInstance.init(RuntimeInstance.java:240)
	at org.apache.velocity.runtime.RuntimeSingleton.init(RuntimeSingleton.java:113)
	at org.apache.velocity.app.Velocity.init(Velocity.java:83)
	at rdb2rdfmappingbuilder.TemplateUtil.loadTemplate(TemplateUtil.java:50)
	at rdb2rdfmappingbuilder.TemplateUtil.applyTemplate(TemplateUtil.java:22)
	at rdb2rdfmappingbuilder.MainController.createR2rmlFired(MainController.java:559)
	at sun.reflect.NativeMethodAccessorImpl.invoke0(Native Method)
	at sun.reflect.NativeMethodAccessorImpl.invoke(NativeMethodAccessorImpl.java:57)
	at sun.reflect.DelegatingMethodAccessorImpl.invoke(DelegatingMethodAccessorImpl.java:43)
	at java.lang.reflect.Method.invoke(Method.java:601)
	at javafx.fxml.FXMLLoader$ControllerMethodEventHandler.handle(FXMLLoader.java:1435)
	at com.sun.javafx.event.CompositeEventHandler.dispatchBubblingEvent(CompositeEventHandler.java:69)
	at com.sun.javafx.event.EventHandlerManager.dispatchBubblingEvent(EventHandlerManager.java:217)
	at com.sun.javafx.event.EventHandlerManager.dispatchBubblingEvent(EventHandlerManager.java:170)
	at com.sun.javafx.event.CompositeEventDispatcher.dispatchBubblingEvent(CompositeEventDispatcher.java:38)
	at com.sun.javafx.event.BasicEventDispatcher.dispatchEvent(BasicEventDispatcher.java:37)
	at com.sun.javafx.event.EventDispatchChainImpl.dispatchEvent(EventDispatchChainImpl.java:92)
	at com.sun.javafx.event.BasicEventDispatcher.dispatchEvent(BasicEventDispatcher.java:35)
	at com.sun.javafx.event.EventDispatchChainImpl.dispatchEvent(EventDispatchChainImpl.java:92)
	at com.sun.javafx.event.BasicEventDispatcher.dispatchEvent(BasicEventDispatcher.java:35)
	at com.sun.javafx.event.EventDispatchChainImpl.dispatchEvent(EventDispatchChainImpl.java:92)
	at com.sun.javafx.event.BasicEventDispatcher.dispatchEvent(BasicEventDispatcher.java:35)
	at com.sun.javafx.event.EventDispatchChainImpl.dispatchEvent(EventDispatchChainImpl.java:92)
	at com.sun.javafx.event.BasicEventDispatcher.dispatchEvent(BasicEventDispatcher.java:35)
	at com.sun.javafx.event.EventDispatchChainImpl.dispatchEvent(EventDispatchChainImpl.java:92)
	at com.sun.javafx.event.BasicEventDispatcher.dispatchEvent(BasicEventDispatcher.java:35)
	at com.sun.javafx.event.EventDispatchChainImpl.dispatchEvent(EventDispatchChainImpl.java:92)
	at com.sun.javafx.event.BasicEventDispatcher.dispatchEvent(BasicEventDispatcher.java:35)
	at com.sun.javafx.event.EventDispatchChainImpl.dispatchEvent(EventDispatchChainImpl.java:92)
	at com.sun.javafx.event.BasicEventDispatcher.dispatchEvent(BasicEventDispatcher.java:35)
	at com.sun.javafx.event.EventDispatchChainImpl.dispatchEvent(EventDispatchChainImpl.java:92)
	at com.sun.javafx.event.EventUtil.fireEventImpl(EventUtil.java:53)
	at com.sun.javafx.event.EventUtil.fireEvent(EventUtil.java:28)
	at javafx.event.Event.fireEvent(Event.java:171)
	at javafx.scene.Node.fireEvent(Node.java:6863)
	at javafx.scene.control.Button.fire(Button.java:179)
	at com.sun.javafx.scene.control.behavior.ButtonBehavior.mouseReleased(ButtonBehavior.java:193)
	at com.sun.javafx.scene.control.skin.SkinBase$4.handle(SkinBase.java:336)
	at com.sun.javafx.scene.control.skin.SkinBase$4.handle(SkinBase.java:329)
	at com.sun.javafx.event.CompositeEventHandler.dispatchBubblingEvent(CompositeEventHandler.java:64)
	at com.sun.javafx.event.EventHandlerManager.dispatchBubblingEvent(EventHandlerManager.java:217)
	at com.sun.javafx.event.EventHandlerManager.dispatchBubblingEvent(EventHandlerManager.java:170)
	at com.sun.javafx.event.CompositeEventDispatcher.dispatchBubblingEvent(CompositeEventDispatcher.java:38)
	at com.sun.javafx.event.BasicEventDispatcher.dispatchEvent(BasicEventDispatcher.java:37)
	at com.sun.javafx.event.EventDispatchChainImpl.dispatchEvent(EventDispatchChainImpl.java:92)
	at com.sun.javafx.event.BasicEventDispatcher.dispatchEvent(BasicEventDispatcher.java:35)
	at com.sun.javafx.event.EventDispatchChainImpl.dispatchEvent(EventDispatchChainImpl.java:92)
	at com.sun.javafx.event.BasicEventDispatcher.dispatchEvent(BasicEventDispatcher.java:35)
	at com.sun.javafx.event.EventDispatchChainImpl.dispatchEvent(EventDispatchChainImpl.java:92)
	at com.sun.javafx.event.BasicEventDispatcher.dispatchEvent(BasicEventDispatcher.java:35)
	at com.sun.javafx.event.EventDispatchChainImpl.dispatchEvent(EventDispatchChainImpl.java:92)
	at com.sun.javafx.event.BasicEventDispatcher.dispatchEvent(BasicEventDispatcher.java:35)
	at com.sun.javafx.event.EventDispatchChainImpl.dispatchEvent(EventDispatchChainImpl.java:92)
	at com.sun.javafx.event.BasicEventDispatcher.dispatchEvent(BasicEventDispatcher.java:35)
	at com.sun.javafx.event.EventDispatchChainImpl.dispatchEvent(EventDispatchChainImpl.java:92)
	at com.sun.javafx.event.BasicEventDispatcher.dispatchEvent(BasicEventDispatcher.java:35)
	at com.sun.javafx.event.EventDispatchChainImpl.dispatchEvent(EventDispatchChainImpl.java:92)
	at com.sun.javafx.event.BasicEventDispatcher.dispatchEvent(BasicEventDispatcher.java:35)
	at com.sun.javafx.event.EventDispatchChainImpl.dispatchEvent(EventDispatchChainImpl.java:92)
	at com.sun.javafx.event.BasicEventDispatcher.dispatchEvent(BasicEventDispatcher.java:35)
	at com.sun.javafx.event.EventDispatchChainImpl.dispatchEvent(EventDispatchChainImpl.java:92)
	at com.sun.javafx.event.EventUtil.fireEventImpl(EventUtil.java:53)
	at com.sun.javafx.event.EventUtil.fireEvent(EventUtil.java:33)
	at javafx.event.Event.fireEvent(Event.java:171)
	at javafx.scene.Scene$MouseHandler.process(Scene.java:3324)
	at javafx.scene.Scene$MouseHandler.process(Scene.java:3164)
	at javafx.scene.Scene$MouseHandler.access$1900(Scene.java:3119)
	at javafx.scene.Scene.impl_processMouseEvent(Scene.java:1559)
	at javafx.scene.Scene$ScenePeerListener.mouseEvent(Scene.java:2261)
	at com.sun.javafx.tk.quantum.GlassViewEventHandler.handleMouseEvent(GlassViewEventHandler.java:228)
	at com.sun.glass.ui.View.handleMouseEvent(View.java:528)
	at com.sun.glass.ui.View.notifyMouse(View.java:922)
	at com.sun.glass.ui.win.WinApplication._runLoop(Native Method)
	at com.sun.glass.ui.win.WinApplication.access$100(WinApplication.java:29)
	at com.sun.glass.ui.win.WinApplication$3$1.run(WinApplication.java:73)
	at java.lang.Thread.run(Thread.java:722)
Caused by: java.lang.ClassNotFoundException: org.apache.log.format.Formatter
	at java.net.URLClassLoader$1.run(URLClassLoader.java:366)
	at java.net.URLClassLoader$1.run(URLClassLoader.java:355)
	at java.security.AccessController.doPrivileged(Native Method)
	at java.net.URLClassLoader.findClass(URLClassLoader.java:354)
	at java.lang.ClassLoader.loadClass(ClassLoader.java:423)
	at java.lang.ClassLoader.loadClass(ClassLoader.java:356)
	... 83 more
2013-02-07 15:44:17,702 - Trying to use logger class org.apache.velocity.runtime.log.Log4JLogChute
2013-02-07 15:44:17,702 - Using logger class org.apache.velocity.runtime.log.Log4JLogChute
2013-02-07 15:44:17,706 - Default ResourceManager initializing. (class org.apache.velocity.runtime.resource.ResourceManagerImpl)
2013-02-07 15:44:17,709 - ResourceLoader instantiated: org.apache.velocity.runtime.resource.loader.ClasspathResourceLoader
2013-02-07 15:44:17,755 - ResourceCache: initialized (class org.apache.velocity.runtime.resource.ResourceCacheImpl)
2013-02-07 15:44:17,756 - Loaded System Directive: org.apache.velocity.runtime.directive.Literal
2013-02-07 15:44:17,758 - Loaded System Directive: org.apache.velocity.runtime.directive.Macro
2013-02-07 15:44:17,760 - Loaded System Directive: org.apache.velocity.runtime.directive.Parse
2013-02-07 15:44:17,762 - Loaded System Directive: org.apache.velocity.runtime.directive.Include
2013-02-07 15:44:17,764 - Loaded System Directive: org.apache.velocity.runtime.directive.Foreach
2013-02-07 15:44:17,809 - Created '20' parsers.
2013-02-07 15:44:17,815 - Velocimacro : "velocimacro.library" is not set.  Trying default library: VM_global_library.vm
2013-02-07 15:44:17,815 - Velocimacro : Default library not found.
2013-02-07 15:44:17,816 - Velocimacro : allowInline = true : VMs can be defined inline in templates
2013-02-07 15:44:17,816 - Velocimacro : allowInlineToOverride = false : VMs defined inline may NOT replace previous VM definitions
2013-02-07 15:44:17,816 - Velocimacro : allowInlineLocal = false : VMs defined inline will be global in scope if allowed.
2013-02-07 15:44:17,816 - Velocimacro : autoload off : VM system will not automatically reload global library macros
2013-02-07 15:44:17,826 - ResourceManager : found /templates/r2rml/subjectMap.vm with loader org.apache.velocity.runtime.resource.loader.ClasspathResourceLoader
2013-02-07 15:50:15,027 - Log4JLogChute initialized using file 'velocity.log'
2013-02-07 15:50:15,028 - Starting Apache Velocity v1.5 (compiled: 2007-02-22 08:52:29)
2013-02-07 15:50:15,028 - Default Properties File: org\apache\velocity\runtime\defaults\velocity.properties
2013-02-07 15:50:15,028 - Trying to use logger class org.apache.velocity.runtime.log.AvalonLogChute
2013-02-07 15:50:15,028 - Couldn't find class org.apache.velocity.runtime.log.AvalonLogChute or necessary supporting classes in classpath.
java.lang.NoClassDefFoundError: org/apache/log/format/Formatter
	at java.lang.Class.forName0(Native Method)
	at java.lang.Class.forName(Class.java:264)
	at org.apache.velocity.util.ClassUtils.getClass(ClassUtils.java:63)
	at org.apache.velocity.util.ClassUtils.getNewInstance(ClassUtils.java:95)
	at org.apache.velocity.runtime.log.LogManager.createLogChute(LogManager.java:147)
	at org.apache.velocity.runtime.log.LogManager.updateLog(LogManager.java:208)
	at org.apache.velocity.runtime.RuntimeInstance.initializeLog(RuntimeInstance.java:728)
	at org.apache.velocity.runtime.RuntimeInstance.init(RuntimeInstance.java:240)
	at org.apache.velocity.runtime.RuntimeSingleton.init(RuntimeSingleton.java:113)
	at org.apache.velocity.app.Velocity.init(Velocity.java:83)
	at rdb2rdfmappingbuilder.TemplateUtil.loadTemplate(TemplateUtil.java:50)
	at rdb2rdfmappingbuilder.TemplateUtil.applyTemplate(TemplateUtil.java:22)
	at rdb2rdfmappingbuilder.MainController.createR2rmlFired(MainController.java:559)
	at sun.reflect.NativeMethodAccessorImpl.invoke0(Native Method)
	at sun.reflect.NativeMethodAccessorImpl.invoke(NativeMethodAccessorImpl.java:57)
	at sun.reflect.DelegatingMethodAccessorImpl.invoke(DelegatingMethodAccessorImpl.java:43)
	at java.lang.reflect.Method.invoke(Method.java:601)
	at javafx.fxml.FXMLLoader$ControllerMethodEventHandler.handle(FXMLLoader.java:1435)
	at com.sun.javafx.event.CompositeEventHandler.dispatchBubblingEvent(CompositeEventHandler.java:69)
	at com.sun.javafx.event.EventHandlerManager.dispatchBubblingEvent(EventHandlerManager.java:217)
	at com.sun.javafx.event.EventHandlerManager.dispatchBubblingEvent(EventHandlerManager.java:170)
	at com.sun.javafx.event.CompositeEventDispatcher.dispatchBubblingEvent(CompositeEventDispatcher.java:38)
	at com.sun.javafx.event.BasicEventDispatcher.dispatchEvent(BasicEventDispatcher.java:37)
	at com.sun.javafx.event.EventDispatchChainImpl.dispatchEvent(EventDispatchChainImpl.java:92)
	at com.sun.javafx.event.BasicEventDispatcher.dispatchEvent(BasicEventDispatcher.java:35)
	at com.sun.javafx.event.EventDispatchChainImpl.dispatchEvent(EventDispatchChainImpl.java:92)
	at com.sun.javafx.event.BasicEventDispatcher.dispatchEvent(BasicEventDispatcher.java:35)
	at com.sun.javafx.event.EventDispatchChainImpl.dispatchEvent(EventDispatchChainImpl.java:92)
	at com.sun.javafx.event.BasicEventDispatcher.dispatchEvent(BasicEventDispatcher.java:35)
	at com.sun.javafx.event.EventDispatchChainImpl.dispatchEvent(EventDispatchChainImpl.java:92)
	at com.sun.javafx.event.BasicEventDispatcher.dispatchEvent(BasicEventDispatcher.java:35)
	at com.sun.javafx.event.EventDispatchChainImpl.dispatchEvent(EventDispatchChainImpl.java:92)
	at com.sun.javafx.event.BasicEventDispatcher.dispatchEvent(BasicEventDispatcher.java:35)
	at com.sun.javafx.event.EventDispatchChainImpl.dispatchEvent(EventDispatchChainImpl.java:92)
	at com.sun.javafx.event.BasicEventDispatcher.dispatchEvent(BasicEventDispatcher.java:35)
	at com.sun.javafx.event.EventDispatchChainImpl.dispatchEvent(EventDispatchChainImpl.java:92)
	at com.sun.javafx.event.BasicEventDispatcher.dispatchEvent(BasicEventDispatcher.java:35)
	at com.sun.javafx.event.EventDispatchChainImpl.dispatchEvent(EventDispatchChainImpl.java:92)
	at com.sun.javafx.event.EventUtil.fireEventImpl(EventUtil.java:53)
	at com.sun.javafx.event.EventUtil.fireEvent(EventUtil.java:28)
	at javafx.event.Event.fireEvent(Event.java:171)
	at javafx.scene.Node.fireEvent(Node.java:6863)
	at javafx.scene.control.Button.fire(Button.java:179)
	at com.sun.javafx.scene.control.behavior.ButtonBehavior.mouseReleased(ButtonBehavior.java:193)
	at com.sun.javafx.scene.control.skin.SkinBase$4.handle(SkinBase.java:336)
	at com.sun.javafx.scene.control.skin.SkinBase$4.handle(SkinBase.java:329)
	at com.sun.javafx.event.CompositeEventHandler.dispatchBubblingEvent(CompositeEventHandler.java:64)
	at com.sun.javafx.event.EventHandlerManager.dispatchBubblingEvent(EventHandlerManager.java:217)
	at com.sun.javafx.event.EventHandlerManager.dispatchBubblingEvent(EventHandlerManager.java:170)
	at com.sun.javafx.event.CompositeEventDispatcher.dispatchBubblingEvent(CompositeEventDispatcher.java:38)
	at com.sun.javafx.event.BasicEventDispatcher.dispatchEvent(BasicEventDispatcher.java:37)
	at com.sun.javafx.event.EventDispatchChainImpl.dispatchEvent(EventDispatchChainImpl.java:92)
	at com.sun.javafx.event.BasicEventDispatcher.dispatchEvent(BasicEventDispatcher.java:35)
	at com.sun.javafx.event.EventDispatchChainImpl.dispatchEvent(EventDispatchChainImpl.java:92)
	at com.sun.javafx.event.BasicEventDispatcher.dispatchEvent(BasicEventDispatcher.java:35)
	at com.sun.javafx.event.EventDispatchChainImpl.dispatchEvent(EventDispatchChainImpl.java:92)
	at com.sun.javafx.event.BasicEventDispatcher.dispatchEvent(BasicEventDispatcher.java:35)
	at com.sun.javafx.event.EventDispatchChainImpl.dispatchEvent(EventDispatchChainImpl.java:92)
	at com.sun.javafx.event.BasicEventDispatcher.dispatchEvent(BasicEventDispatcher.java:35)
	at com.sun.javafx.event.EventDispatchChainImpl.dispatchEvent(EventDispatchChainImpl.java:92)
	at com.sun.javafx.event.BasicEventDispatcher.dispatchEvent(BasicEventDispatcher.java:35)
	at com.sun.javafx.event.EventDispatchChainImpl.dispatchEvent(EventDispatchChainImpl.java:92)
	at com.sun.javafx.event.BasicEventDispatcher.dispatchEvent(BasicEventDispatcher.java:35)
	at com.sun.javafx.event.EventDispatchChainImpl.dispatchEvent(EventDispatchChainImpl.java:92)
	at com.sun.javafx.event.BasicEventDispatcher.dispatchEvent(BasicEventDispatcher.java:35)
	at com.sun.javafx.event.EventDispatchChainImpl.dispatchEvent(EventDispatchChainImpl.java:92)
	at com.sun.javafx.event.BasicEventDispatcher.dispatchEvent(BasicEventDispatcher.java:35)
	at com.sun.javafx.event.EventDispatchChainImpl.dispatchEvent(EventDispatchChainImpl.java:92)
	at com.sun.javafx.event.EventUtil.fireEventImpl(EventUtil.java:53)
	at com.sun.javafx.event.EventUtil.fireEvent(EventUtil.java:33)
	at javafx.event.Event.fireEvent(Event.java:171)
	at javafx.scene.Scene$MouseHandler.process(Scene.java:3324)
	at javafx.scene.Scene$MouseHandler.process(Scene.java:3164)
	at javafx.scene.Scene$MouseHandler.access$1900(Scene.java:3119)
	at javafx.scene.Scene.impl_processMouseEvent(Scene.java:1559)
	at javafx.scene.Scene$ScenePeerListener.mouseEvent(Scene.java:2261)
	at com.sun.javafx.tk.quantum.GlassViewEventHandler.handleMouseEvent(GlassViewEventHandler.java:228)
	at com.sun.glass.ui.View.handleMouseEvent(View.java:528)
	at com.sun.glass.ui.View.notifyMouse(View.java:922)
	at com.sun.glass.ui.win.WinApplication._runLoop(Native Method)
	at com.sun.glass.ui.win.WinApplication.access$100(WinApplication.java:29)
	at com.sun.glass.ui.win.WinApplication$3$1.run(WinApplication.java:73)
	at java.lang.Thread.run(Thread.java:722)
Caused by: java.lang.ClassNotFoundException: org.apache.log.format.Formatter
	at java.net.URLClassLoader$1.run(URLClassLoader.java:366)
	at java.net.URLClassLoader$1.run(URLClassLoader.java:355)
	at java.security.AccessController.doPrivileged(Native Method)
	at java.net.URLClassLoader.findClass(URLClassLoader.java:354)
	at java.lang.ClassLoader.loadClass(ClassLoader.java:423)
	at java.lang.ClassLoader.loadClass(ClassLoader.java:356)
	... 83 more
2013-02-07 15:50:15,031 - Trying to use logger class org.apache.velocity.runtime.log.Log4JLogChute
2013-02-07 15:50:15,031 - Using logger class org.apache.velocity.runtime.log.Log4JLogChute
2013-02-07 15:50:15,033 - Default ResourceManager initializing. (class org.apache.velocity.runtime.resource.ResourceManagerImpl)
2013-02-07 15:50:15,035 - ResourceLoader instantiated: org.apache.velocity.runtime.resource.loader.ClasspathResourceLoader
2013-02-07 15:50:15,048 - ResourceCache: initialized (class org.apache.velocity.runtime.resource.ResourceCacheImpl)
2013-02-07 15:50:15,049 - Loaded System Directive: org.apache.velocity.runtime.directive.Literal
2013-02-07 15:50:15,050 - Loaded System Directive: org.apache.velocity.runtime.directive.Macro
2013-02-07 15:50:15,051 - Loaded System Directive: org.apache.velocity.runtime.directive.Parse
2013-02-07 15:50:15,053 - Loaded System Directive: org.apache.velocity.runtime.directive.Include
2013-02-07 15:50:15,053 - Loaded System Directive: org.apache.velocity.runtime.directive.Foreach
2013-02-07 15:50:15,087 - Created '20' parsers.
2013-02-07 15:50:15,093 - Velocimacro : "velocimacro.library" is not set.  Trying default library: VM_global_library.vm
2013-02-07 15:50:15,094 - Velocimacro : Default library not found.
2013-02-07 15:50:15,094 - Velocimacro : allowInline = true : VMs can be defined inline in templates
2013-02-07 15:50:15,094 - Velocimacro : allowInlineToOverride = false : VMs defined inline may NOT replace previous VM definitions
2013-02-07 15:50:15,094 - Velocimacro : allowInlineLocal = false : VMs defined inline will be global in scope if allowed.
2013-02-07 15:50:15,094 - Velocimacro : autoload off : VM system will not automatically reload global library macros
2013-02-07 15:50:15,106 - ResourceManager : found /templates/r2rml/subjectMap.vm with loader org.apache.velocity.runtime.resource.loader.ClasspathResourceLoader
2013-02-07 15:50:15,113 - ResourceManager : found /templates/r2rml/predicateObjectMap.vm with loader org.apache.velocity.runtime.resource.loader.ClasspathResourceLoader
2013-02-07 15:50:15,116 - ResourceManager : found /templates/r2rml/datatypeMap.vm with loader org.apache.velocity.runtime.resource.loader.ClasspathResourceLoader
2013-02-07 15:58:28,924 - Log4JLogChute initialized using file 'velocity.log'
2013-02-07 15:58:28,925 - Starting Apache Velocity v1.5 (compiled: 2007-02-22 08:52:29)
2013-02-07 15:58:28,925 - Default Properties File: org\apache\velocity\runtime\defaults\velocity.properties
2013-02-07 15:58:28,925 - Trying to use logger class org.apache.velocity.runtime.log.AvalonLogChute
2013-02-07 15:58:28,926 - Couldn't find class org.apache.velocity.runtime.log.AvalonLogChute or necessary supporting classes in classpath.
java.lang.NoClassDefFoundError: org/apache/log/format/Formatter
	at java.lang.Class.forName0(Native Method)
	at java.lang.Class.forName(Class.java:264)
	at org.apache.velocity.util.ClassUtils.getClass(ClassUtils.java:63)
	at org.apache.velocity.util.ClassUtils.getNewInstance(ClassUtils.java:95)
	at org.apache.velocity.runtime.log.LogManager.createLogChute(LogManager.java:147)
	at org.apache.velocity.runtime.log.LogManager.updateLog(LogManager.java:208)
	at org.apache.velocity.runtime.RuntimeInstance.initializeLog(RuntimeInstance.java:728)
	at org.apache.velocity.runtime.RuntimeInstance.init(RuntimeInstance.java:240)
	at org.apache.velocity.runtime.RuntimeSingleton.init(RuntimeSingleton.java:113)
	at org.apache.velocity.app.Velocity.init(Velocity.java:83)
	at rdb2rdfmappingbuilder.TemplateUtil.loadTemplate(TemplateUtil.java:50)
	at rdb2rdfmappingbuilder.TemplateUtil.applyTemplate(TemplateUtil.java:22)
	at rdb2rdfmappingbuilder.MainController.createR2rmlFired(MainController.java:559)
	at sun.reflect.NativeMethodAccessorImpl.invoke0(Native Method)
	at sun.reflect.NativeMethodAccessorImpl.invoke(NativeMethodAccessorImpl.java:57)
	at sun.reflect.DelegatingMethodAccessorImpl.invoke(DelegatingMethodAccessorImpl.java:43)
	at java.lang.reflect.Method.invoke(Method.java:601)
	at javafx.fxml.FXMLLoader$ControllerMethodEventHandler.handle(FXMLLoader.java:1435)
	at com.sun.javafx.event.CompositeEventHandler.dispatchBubblingEvent(CompositeEventHandler.java:69)
	at com.sun.javafx.event.EventHandlerManager.dispatchBubblingEvent(EventHandlerManager.java:217)
	at com.sun.javafx.event.EventHandlerManager.dispatchBubblingEvent(EventHandlerManager.java:170)
	at com.sun.javafx.event.CompositeEventDispatcher.dispatchBubblingEvent(CompositeEventDispatcher.java:38)
	at com.sun.javafx.event.BasicEventDispatcher.dispatchEvent(BasicEventDispatcher.java:37)
	at com.sun.javafx.event.EventDispatchChainImpl.dispatchEvent(EventDispatchChainImpl.java:92)
	at com.sun.javafx.event.BasicEventDispatcher.dispatchEvent(BasicEventDispatcher.java:35)
	at com.sun.javafx.event.EventDispatchChainImpl.dispatchEvent(EventDispatchChainImpl.java:92)
	at com.sun.javafx.event.BasicEventDispatcher.dispatchEvent(BasicEventDispatcher.java:35)
	at com.sun.javafx.event.EventDispatchChainImpl.dispatchEvent(EventDispatchChainImpl.java:92)
	at com.sun.javafx.event.BasicEventDispatcher.dispatchEvent(BasicEventDispatcher.java:35)
	at com.sun.javafx.event.EventDispatchChainImpl.dispatchEvent(EventDispatchChainImpl.java:92)
	at com.sun.javafx.event.BasicEventDispatcher.dispatchEvent(BasicEventDispatcher.java:35)
	at com.sun.javafx.event.EventDispatchChainImpl.dispatchEvent(EventDispatchChainImpl.java:92)
	at com.sun.javafx.event.BasicEventDispatcher.dispatchEvent(BasicEventDispatcher.java:35)
	at com.sun.javafx.event.EventDispatchChainImpl.dispatchEvent(EventDispatchChainImpl.java:92)
	at com.sun.javafx.event.BasicEventDispatcher.dispatchEvent(BasicEventDispatcher.java:35)
	at com.sun.javafx.event.EventDispatchChainImpl.dispatchEvent(EventDispatchChainImpl.java:92)
	at com.sun.javafx.event.BasicEventDispatcher.dispatchEvent(BasicEventDispatcher.java:35)
	at com.sun.javafx.event.EventDispatchChainImpl.dispatchEvent(EventDispatchChainImpl.java:92)
	at com.sun.javafx.event.EventUtil.fireEventImpl(EventUtil.java:53)
	at com.sun.javafx.event.EventUtil.fireEvent(EventUtil.java:28)
	at javafx.event.Event.fireEvent(Event.java:171)
	at javafx.scene.Node.fireEvent(Node.java:6863)
	at javafx.scene.control.Button.fire(Button.java:179)
	at com.sun.javafx.scene.control.behavior.ButtonBehavior.mouseReleased(ButtonBehavior.java:193)
	at com.sun.javafx.scene.control.skin.SkinBase$4.handle(SkinBase.java:336)
	at com.sun.javafx.scene.control.skin.SkinBase$4.handle(SkinBase.java:329)
	at com.sun.javafx.event.CompositeEventHandler.dispatchBubblingEvent(CompositeEventHandler.java:64)
	at com.sun.javafx.event.EventHandlerManager.dispatchBubblingEvent(EventHandlerManager.java:217)
	at com.sun.javafx.event.EventHandlerManager.dispatchBubblingEvent(EventHandlerManager.java:170)
	at com.sun.javafx.event.CompositeEventDispatcher.dispatchBubblingEvent(CompositeEventDispatcher.java:38)
	at com.sun.javafx.event.BasicEventDispatcher.dispatchEvent(BasicEventDispatcher.java:37)
	at com.sun.javafx.event.EventDispatchChainImpl.dispatchEvent(EventDispatchChainImpl.java:92)
	at com.sun.javafx.event.BasicEventDispatcher.dispatchEvent(BasicEventDispatcher.java:35)
	at com.sun.javafx.event.EventDispatchChainImpl.dispatchEvent(EventDispatchChainImpl.java:92)
	at com.sun.javafx.event.BasicEventDispatcher.dispatchEvent(BasicEventDispatcher.java:35)
	at com.sun.javafx.event.EventDispatchChainImpl.dispatchEvent(EventDispatchChainImpl.java:92)
	at com.sun.javafx.event.BasicEventDispatcher.dispatchEvent(BasicEventDispatcher.java:35)
	at com.sun.javafx.event.EventDispatchChainImpl.dispatchEvent(EventDispatchChainImpl.java:92)
	at com.sun.javafx.event.BasicEventDispatcher.dispatchEvent(BasicEventDispatcher.java:35)
	at com.sun.javafx.event.EventDispatchChainImpl.dispatchEvent(EventDispatchChainImpl.java:92)
	at com.sun.javafx.event.BasicEventDispatcher.dispatchEvent(BasicEventDispatcher.java:35)
	at com.sun.javafx.event.EventDispatchChainImpl.dispatchEvent(EventDispatchChainImpl.java:92)
	at com.sun.javafx.event.BasicEventDispatcher.dispatchEvent(BasicEventDispatcher.java:35)
	at com.sun.javafx.event.EventDispatchChainImpl.dispatchEvent(EventDispatchChainImpl.java:92)
	at com.sun.javafx.event.BasicEventDispatcher.dispatchEvent(BasicEventDispatcher.java:35)
	at com.sun.javafx.event.EventDispatchChainImpl.dispatchEvent(EventDispatchChainImpl.java:92)
	at com.sun.javafx.event.BasicEventDispatcher.dispatchEvent(BasicEventDispatcher.java:35)
	at com.sun.javafx.event.EventDispatchChainImpl.dispatchEvent(EventDispatchChainImpl.java:92)
	at com.sun.javafx.event.EventUtil.fireEventImpl(EventUtil.java:53)
	at com.sun.javafx.event.EventUtil.fireEvent(EventUtil.java:33)
	at javafx.event.Event.fireEvent(Event.java:171)
	at javafx.scene.Scene$MouseHandler.process(Scene.java:3324)
	at javafx.scene.Scene$MouseHandler.process(Scene.java:3164)
	at javafx.scene.Scene$MouseHandler.access$1900(Scene.java:3119)
	at javafx.scene.Scene.impl_processMouseEvent(Scene.java:1559)
	at javafx.scene.Scene$ScenePeerListener.mouseEvent(Scene.java:2261)
	at com.sun.javafx.tk.quantum.GlassViewEventHandler.handleMouseEvent(GlassViewEventHandler.java:228)
	at com.sun.glass.ui.View.handleMouseEvent(View.java:528)
	at com.sun.glass.ui.View.notifyMouse(View.java:922)
	at com.sun.glass.ui.win.WinApplication._runLoop(Native Method)
	at com.sun.glass.ui.win.WinApplication.access$100(WinApplication.java:29)
	at com.sun.glass.ui.win.WinApplication$3$1.run(WinApplication.java:73)
	at java.lang.Thread.run(Thread.java:722)
Caused by: java.lang.ClassNotFoundException: org.apache.log.format.Formatter
	at java.net.URLClassLoader$1.run(URLClassLoader.java:366)
	at java.net.URLClassLoader$1.run(URLClassLoader.java:355)
	at java.security.AccessController.doPrivileged(Native Method)
	at java.net.URLClassLoader.findClass(URLClassLoader.java:354)
	at java.lang.ClassLoader.loadClass(ClassLoader.java:423)
	at java.lang.ClassLoader.loadClass(ClassLoader.java:356)
	... 83 more
2013-02-07 15:58:28,931 - Trying to use logger class org.apache.velocity.runtime.log.Log4JLogChute
2013-02-07 15:58:28,931 - Using logger class org.apache.velocity.runtime.log.Log4JLogChute
2013-02-07 15:58:28,935 - Default ResourceManager initializing. (class org.apache.velocity.runtime.resource.ResourceManagerImpl)
2013-02-07 15:58:28,938 - ResourceLoader instantiated: org.apache.velocity.runtime.resource.loader.ClasspathResourceLoader
2013-02-07 15:58:28,959 - ResourceCache: initialized (class org.apache.velocity.runtime.resource.ResourceCacheImpl)
2013-02-07 15:58:28,961 - Loaded System Directive: org.apache.velocity.runtime.directive.Literal
2013-02-07 15:58:28,963 - Loaded System Directive: org.apache.velocity.runtime.directive.Macro
2013-02-07 15:58:28,964 - Loaded System Directive: org.apache.velocity.runtime.directive.Parse
2013-02-07 15:58:28,966 - Loaded System Directive: org.apache.velocity.runtime.directive.Include
2013-02-07 15:58:28,968 - Loaded System Directive: org.apache.velocity.runtime.directive.Foreach
2013-02-07 15:58:29,016 - Created '20' parsers.
2013-02-07 15:58:29,022 - Velocimacro : "velocimacro.library" is not set.  Trying default library: VM_global_library.vm
2013-02-07 15:58:29,022 - Velocimacro : Default library not found.
2013-02-07 15:58:29,022 - Velocimacro : allowInline = true : VMs can be defined inline in templates
2013-02-07 15:58:29,022 - Velocimacro : allowInlineToOverride = false : VMs defined inline may NOT replace previous VM definitions
2013-02-07 15:58:29,022 - Velocimacro : allowInlineLocal = false : VMs defined inline will be global in scope if allowed.
2013-02-07 15:58:29,023 - Velocimacro : autoload off : VM system will not automatically reload global library macros
2013-02-07 15:58:29,037 - ResourceManager : found /templates/r2rml/subjectMap.vm with loader org.apache.velocity.runtime.resource.loader.ClasspathResourceLoader
2013-02-07 15:58:29,044 - ResourceManager : found /templates/r2rml/predicateObjectMap.vm with loader org.apache.velocity.runtime.resource.loader.ClasspathResourceLoader
2013-02-07 15:58:29,048 - ResourceManager : found /templates/r2rml/datatypeMap.vm with loader org.apache.velocity.runtime.resource.loader.ClasspathResourceLoader
2013-02-07 16:04:39,867 - Log4JLogChute initialized using file 'velocity.log'
2013-02-07 16:04:39,867 - Starting Apache Velocity v1.5 (compiled: 2007-02-22 08:52:29)
2013-02-07 16:04:39,867 - Default Properties File: org\apache\velocity\runtime\defaults\velocity.properties
2013-02-07 16:04:39,868 - Trying to use logger class org.apache.velocity.runtime.log.AvalonLogChute
2013-02-07 16:04:39,868 - Couldn't find class org.apache.velocity.runtime.log.AvalonLogChute or necessary supporting classes in classpath.
java.lang.NoClassDefFoundError: org/apache/log/format/Formatter
	at java.lang.Class.forName0(Native Method)
	at java.lang.Class.forName(Class.java:264)
	at org.apache.velocity.util.ClassUtils.getClass(ClassUtils.java:63)
	at org.apache.velocity.util.ClassUtils.getNewInstance(ClassUtils.java:95)
	at org.apache.velocity.runtime.log.LogManager.createLogChute(LogManager.java:147)
	at org.apache.velocity.runtime.log.LogManager.updateLog(LogManager.java:208)
	at org.apache.velocity.runtime.RuntimeInstance.initializeLog(RuntimeInstance.java:728)
	at org.apache.velocity.runtime.RuntimeInstance.init(RuntimeInstance.java:240)
	at org.apache.velocity.runtime.RuntimeSingleton.init(RuntimeSingleton.java:113)
	at org.apache.velocity.app.Velocity.init(Velocity.java:83)
	at rdb2rdfmappingbuilder.TemplateUtil.loadTemplate(TemplateUtil.java:50)
	at rdb2rdfmappingbuilder.TemplateUtil.applyTemplate(TemplateUtil.java:22)
	at rdb2rdfmappingbuilder.MainController.createR2rmlFired(MainController.java:560)
	at sun.reflect.NativeMethodAccessorImpl.invoke0(Native Method)
	at sun.reflect.NativeMethodAccessorImpl.invoke(NativeMethodAccessorImpl.java:57)
	at sun.reflect.DelegatingMethodAccessorImpl.invoke(DelegatingMethodAccessorImpl.java:43)
	at java.lang.reflect.Method.invoke(Method.java:601)
	at javafx.fxml.FXMLLoader$ControllerMethodEventHandler.handle(FXMLLoader.java:1435)
	at com.sun.javafx.event.CompositeEventHandler.dispatchBubblingEvent(CompositeEventHandler.java:69)
	at com.sun.javafx.event.EventHandlerManager.dispatchBubblingEvent(EventHandlerManager.java:217)
	at com.sun.javafx.event.EventHandlerManager.dispatchBubblingEvent(EventHandlerManager.java:170)
	at com.sun.javafx.event.CompositeEventDispatcher.dispatchBubblingEvent(CompositeEventDispatcher.java:38)
	at com.sun.javafx.event.BasicEventDispatcher.dispatchEvent(BasicEventDispatcher.java:37)
	at com.sun.javafx.event.EventDispatchChainImpl.dispatchEvent(EventDispatchChainImpl.java:92)
	at com.sun.javafx.event.BasicEventDispatcher.dispatchEvent(BasicEventDispatcher.java:35)
	at com.sun.javafx.event.EventDispatchChainImpl.dispatchEvent(EventDispatchChainImpl.java:92)
	at com.sun.javafx.event.BasicEventDispatcher.dispatchEvent(BasicEventDispatcher.java:35)
	at com.sun.javafx.event.EventDispatchChainImpl.dispatchEvent(EventDispatchChainImpl.java:92)
	at com.sun.javafx.event.BasicEventDispatcher.dispatchEvent(BasicEventDispatcher.java:35)
	at com.sun.javafx.event.EventDispatchChainImpl.dispatchEvent(EventDispatchChainImpl.java:92)
	at com.sun.javafx.event.BasicEventDispatcher.dispatchEvent(BasicEventDispatcher.java:35)
	at com.sun.javafx.event.EventDispatchChainImpl.dispatchEvent(EventDispatchChainImpl.java:92)
	at com.sun.javafx.event.BasicEventDispatcher.dispatchEvent(BasicEventDispatcher.java:35)
	at com.sun.javafx.event.EventDispatchChainImpl.dispatchEvent(EventDispatchChainImpl.java:92)
	at com.sun.javafx.event.BasicEventDispatcher.dispatchEvent(BasicEventDispatcher.java:35)
	at com.sun.javafx.event.EventDispatchChainImpl.dispatchEvent(EventDispatchChainImpl.java:92)
	at com.sun.javafx.event.BasicEventDispatcher.dispatchEvent(BasicEventDispatcher.java:35)
	at com.sun.javafx.event.EventDispatchChainImpl.dispatchEvent(EventDispatchChainImpl.java:92)
	at com.sun.javafx.event.EventUtil.fireEventImpl(EventUtil.java:53)
	at com.sun.javafx.event.EventUtil.fireEvent(EventUtil.java:28)
	at javafx.event.Event.fireEvent(Event.java:171)
	at javafx.scene.Node.fireEvent(Node.java:6863)
	at javafx.scene.control.Button.fire(Button.java:179)
	at com.sun.javafx.scene.control.behavior.ButtonBehavior.mouseReleased(ButtonBehavior.java:193)
	at com.sun.javafx.scene.control.skin.SkinBase$4.handle(SkinBase.java:336)
	at com.sun.javafx.scene.control.skin.SkinBase$4.handle(SkinBase.java:329)
	at com.sun.javafx.event.CompositeEventHandler.dispatchBubblingEvent(CompositeEventHandler.java:64)
	at com.sun.javafx.event.EventHandlerManager.dispatchBubblingEvent(EventHandlerManager.java:217)
	at com.sun.javafx.event.EventHandlerManager.dispatchBubblingEvent(EventHandlerManager.java:170)
	at com.sun.javafx.event.CompositeEventDispatcher.dispatchBubblingEvent(CompositeEventDispatcher.java:38)
	at com.sun.javafx.event.BasicEventDispatcher.dispatchEvent(BasicEventDispatcher.java:37)
	at com.sun.javafx.event.EventDispatchChainImpl.dispatchEvent(EventDispatchChainImpl.java:92)
	at com.sun.javafx.event.BasicEventDispatcher.dispatchEvent(BasicEventDispatcher.java:35)
	at com.sun.javafx.event.EventDispatchChainImpl.dispatchEvent(EventDispatchChainImpl.java:92)
	at com.sun.javafx.event.BasicEventDispatcher.dispatchEvent(BasicEventDispatcher.java:35)
	at com.sun.javafx.event.EventDispatchChainImpl.dispatchEvent(EventDispatchChainImpl.java:92)
	at com.sun.javafx.event.BasicEventDispatcher.dispatchEvent(BasicEventDispatcher.java:35)
	at com.sun.javafx.event.EventDispatchChainImpl.dispatchEvent(EventDispatchChainImpl.java:92)
	at com.sun.javafx.event.BasicEventDispatcher.dispatchEvent(BasicEventDispatcher.java:35)
	at com.sun.javafx.event.EventDispatchChainImpl.dispatchEvent(EventDispatchChainImpl.java:92)
	at com.sun.javafx.event.BasicEventDispatcher.dispatchEvent(BasicEventDispatcher.java:35)
	at com.sun.javafx.event.EventDispatchChainImpl.dispatchEvent(EventDispatchChainImpl.java:92)
	at com.sun.javafx.event.BasicEventDispatcher.dispatchEvent(BasicEventDispatcher.java:35)
	at com.sun.javafx.event.EventDispatchChainImpl.dispatchEvent(EventDispatchChainImpl.java:92)
	at com.sun.javafx.event.BasicEventDispatcher.dispatchEvent(BasicEventDispatcher.java:35)
	at com.sun.javafx.event.EventDispatchChainImpl.dispatchEvent(EventDispatchChainImpl.java:92)
	at com.sun.javafx.event.BasicEventDispatcher.dispatchEvent(BasicEventDispatcher.java:35)
	at com.sun.javafx.event.EventDispatchChainImpl.dispatchEvent(EventDispatchChainImpl.java:92)
	at com.sun.javafx.event.EventUtil.fireEventImpl(EventUtil.java:53)
	at com.sun.javafx.event.EventUtil.fireEvent(EventUtil.java:33)
	at javafx.event.Event.fireEvent(Event.java:171)
	at javafx.scene.Scene$MouseHandler.process(Scene.java:3324)
	at javafx.scene.Scene$MouseHandler.process(Scene.java:3164)
	at javafx.scene.Scene$MouseHandler.access$1900(Scene.java:3119)
	at javafx.scene.Scene.impl_processMouseEvent(Scene.java:1559)
	at javafx.scene.Scene$ScenePeerListener.mouseEvent(Scene.java:2261)
	at com.sun.javafx.tk.quantum.GlassViewEventHandler.handleMouseEvent(GlassViewEventHandler.java:228)
	at com.sun.glass.ui.View.handleMouseEvent(View.java:528)
	at com.sun.glass.ui.View.notifyMouse(View.java:922)
	at com.sun.glass.ui.win.WinApplication._runLoop(Native Method)
	at com.sun.glass.ui.win.WinApplication.access$100(WinApplication.java:29)
	at com.sun.glass.ui.win.WinApplication$3$1.run(WinApplication.java:73)
	at java.lang.Thread.run(Thread.java:722)
Caused by: java.lang.ClassNotFoundException: org.apache.log.format.Formatter
	at java.net.URLClassLoader$1.run(URLClassLoader.java:366)
	at java.net.URLClassLoader$1.run(URLClassLoader.java:355)
	at java.security.AccessController.doPrivileged(Native Method)
	at java.net.URLClassLoader.findClass(URLClassLoader.java:354)
	at java.lang.ClassLoader.loadClass(ClassLoader.java:423)
	at java.lang.ClassLoader.loadClass(ClassLoader.java:356)
	... 83 more
2013-02-07 16:04:39,874 - Trying to use logger class org.apache.velocity.runtime.log.Log4JLogChute
2013-02-07 16:04:39,874 - Using logger class org.apache.velocity.runtime.log.Log4JLogChute
2013-02-07 16:04:39,877 - Default ResourceManager initializing. (class org.apache.velocity.runtime.resource.ResourceManagerImpl)
2013-02-07 16:04:39,880 - ResourceLoader instantiated: org.apache.velocity.runtime.resource.loader.ClasspathResourceLoader
2013-02-07 16:04:39,901 - ResourceCache: initialized (class org.apache.velocity.runtime.resource.ResourceCacheImpl)
2013-02-07 16:04:39,903 - Loaded System Directive: org.apache.velocity.runtime.directive.Literal
2013-02-07 16:04:39,905 - Loaded System Directive: org.apache.velocity.runtime.directive.Macro
2013-02-07 16:04:39,907 - Loaded System Directive: org.apache.velocity.runtime.directive.Parse
2013-02-07 16:04:39,909 - Loaded System Directive: org.apache.velocity.runtime.directive.Include
2013-02-07 16:04:39,910 - Loaded System Directive: org.apache.velocity.runtime.directive.Foreach
2013-02-07 16:04:39,961 - Created '20' parsers.
2013-02-07 16:04:39,967 - Velocimacro : "velocimacro.library" is not set.  Trying default library: VM_global_library.vm
2013-02-07 16:04:39,968 - Velocimacro : Default library not found.
2013-02-07 16:04:39,968 - Velocimacro : allowInline = true : VMs can be defined inline in templates
2013-02-07 16:04:39,968 - Velocimacro : allowInlineToOverride = false : VMs defined inline may NOT replace previous VM definitions
2013-02-07 16:04:39,968 - Velocimacro : allowInlineLocal = false : VMs defined inline will be global in scope if allowed.
2013-02-07 16:04:39,968 - Velocimacro : autoload off : VM system will not automatically reload global library macros
2013-02-07 16:04:39,979 - ResourceManager : found /templates/r2rml/subjectMap.vm with loader org.apache.velocity.runtime.resource.loader.ClasspathResourceLoader
2013-02-07 16:04:39,986 - ResourceManager : found /templates/r2rml/predicateObjectMap.vm with loader org.apache.velocity.runtime.resource.loader.ClasspathResourceLoader
2013-02-07 16:04:39,989 - ResourceManager : found /templates/r2rml/datatypeMap.vm with loader org.apache.velocity.runtime.resource.loader.ClasspathResourceLoader
2013-02-07 16:06:30,605 - Log4JLogChute initialized using file 'velocity.log'
2013-02-07 16:06:30,606 - Starting Apache Velocity v1.5 (compiled: 2007-02-22 08:52:29)
2013-02-07 16:06:30,606 - Default Properties File: org\apache\velocity\runtime\defaults\velocity.properties
2013-02-07 16:06:30,606 - Trying to use logger class org.apache.velocity.runtime.log.AvalonLogChute
2013-02-07 16:06:30,607 - Couldn't find class org.apache.velocity.runtime.log.AvalonLogChute or necessary supporting classes in classpath.
java.lang.NoClassDefFoundError: org/apache/log/format/Formatter
	at java.lang.Class.forName0(Native Method)
	at java.lang.Class.forName(Class.java:264)
	at org.apache.velocity.util.ClassUtils.getClass(ClassUtils.java:63)
	at org.apache.velocity.util.ClassUtils.getNewInstance(ClassUtils.java:95)
	at org.apache.velocity.runtime.log.LogManager.createLogChute(LogManager.java:147)
	at org.apache.velocity.runtime.log.LogManager.updateLog(LogManager.java:208)
	at org.apache.velocity.runtime.RuntimeInstance.initializeLog(RuntimeInstance.java:728)
	at org.apache.velocity.runtime.RuntimeInstance.init(RuntimeInstance.java:240)
	at org.apache.velocity.runtime.RuntimeSingleton.init(RuntimeSingleton.java:113)
	at org.apache.velocity.app.Velocity.init(Velocity.java:83)
	at rdb2rdfmappingbuilder.TemplateUtil.loadTemplate(TemplateUtil.java:50)
	at rdb2rdfmappingbuilder.TemplateUtil.applyTemplate(TemplateUtil.java:22)
	at rdb2rdfmappingbuilder.MainController.createR2rmlFired(MainController.java:560)
	at sun.reflect.NativeMethodAccessorImpl.invoke0(Native Method)
	at sun.reflect.NativeMethodAccessorImpl.invoke(NativeMethodAccessorImpl.java:57)
	at sun.reflect.DelegatingMethodAccessorImpl.invoke(DelegatingMethodAccessorImpl.java:43)
	at java.lang.reflect.Method.invoke(Method.java:601)
	at javafx.fxml.FXMLLoader$ControllerMethodEventHandler.handle(FXMLLoader.java:1435)
	at com.sun.javafx.event.CompositeEventHandler.dispatchBubblingEvent(CompositeEventHandler.java:69)
	at com.sun.javafx.event.EventHandlerManager.dispatchBubblingEvent(EventHandlerManager.java:217)
	at com.sun.javafx.event.EventHandlerManager.dispatchBubblingEvent(EventHandlerManager.java:170)
	at com.sun.javafx.event.CompositeEventDispatcher.dispatchBubblingEvent(CompositeEventDispatcher.java:38)
	at com.sun.javafx.event.BasicEventDispatcher.dispatchEvent(BasicEventDispatcher.java:37)
	at com.sun.javafx.event.EventDispatchChainImpl.dispatchEvent(EventDispatchChainImpl.java:92)
	at com.sun.javafx.event.BasicEventDispatcher.dispatchEvent(BasicEventDispatcher.java:35)
	at com.sun.javafx.event.EventDispatchChainImpl.dispatchEvent(EventDispatchChainImpl.java:92)
	at com.sun.javafx.event.BasicEventDispatcher.dispatchEvent(BasicEventDispatcher.java:35)
	at com.sun.javafx.event.EventDispatchChainImpl.dispatchEvent(EventDispatchChainImpl.java:92)
	at com.sun.javafx.event.BasicEventDispatcher.dispatchEvent(BasicEventDispatcher.java:35)
	at com.sun.javafx.event.EventDispatchChainImpl.dispatchEvent(EventDispatchChainImpl.java:92)
	at com.sun.javafx.event.BasicEventDispatcher.dispatchEvent(BasicEventDispatcher.java:35)
	at com.sun.javafx.event.EventDispatchChainImpl.dispatchEvent(EventDispatchChainImpl.java:92)
	at com.sun.javafx.event.BasicEventDispatcher.dispatchEvent(BasicEventDispatcher.java:35)
	at com.sun.javafx.event.EventDispatchChainImpl.dispatchEvent(EventDispatchChainImpl.java:92)
	at com.sun.javafx.event.BasicEventDispatcher.dispatchEvent(BasicEventDispatcher.java:35)
	at com.sun.javafx.event.EventDispatchChainImpl.dispatchEvent(EventDispatchChainImpl.java:92)
	at com.sun.javafx.event.BasicEventDispatcher.dispatchEvent(BasicEventDispatcher.java:35)
	at com.sun.javafx.event.EventDispatchChainImpl.dispatchEvent(EventDispatchChainImpl.java:92)
	at com.sun.javafx.event.EventUtil.fireEventImpl(EventUtil.java:53)
	at com.sun.javafx.event.EventUtil.fireEvent(EventUtil.java:28)
	at javafx.event.Event.fireEvent(Event.java:171)
	at javafx.scene.Node.fireEvent(Node.java:6863)
	at javafx.scene.control.Button.fire(Button.java:179)
	at com.sun.javafx.scene.control.behavior.ButtonBehavior.mouseReleased(ButtonBehavior.java:193)
	at com.sun.javafx.scene.control.skin.SkinBase$4.handle(SkinBase.java:336)
	at com.sun.javafx.scene.control.skin.SkinBase$4.handle(SkinBase.java:329)
	at com.sun.javafx.event.CompositeEventHandler.dispatchBubblingEvent(CompositeEventHandler.java:64)
	at com.sun.javafx.event.EventHandlerManager.dispatchBubblingEvent(EventHandlerManager.java:217)
	at com.sun.javafx.event.EventHandlerManager.dispatchBubblingEvent(EventHandlerManager.java:170)
	at com.sun.javafx.event.CompositeEventDispatcher.dispatchBubblingEvent(CompositeEventDispatcher.java:38)
	at com.sun.javafx.event.BasicEventDispatcher.dispatchEvent(BasicEventDispatcher.java:37)
	at com.sun.javafx.event.EventDispatchChainImpl.dispatchEvent(EventDispatchChainImpl.java:92)
	at com.sun.javafx.event.BasicEventDispatcher.dispatchEvent(BasicEventDispatcher.java:35)
	at com.sun.javafx.event.EventDispatchChainImpl.dispatchEvent(EventDispatchChainImpl.java:92)
	at com.sun.javafx.event.BasicEventDispatcher.dispatchEvent(BasicEventDispatcher.java:35)
	at com.sun.javafx.event.EventDispatchChainImpl.dispatchEvent(EventDispatchChainImpl.java:92)
	at com.sun.javafx.event.BasicEventDispatcher.dispatchEvent(BasicEventDispatcher.java:35)
	at com.sun.javafx.event.EventDispatchChainImpl.dispatchEvent(EventDispatchChainImpl.java:92)
	at com.sun.javafx.event.BasicEventDispatcher.dispatchEvent(BasicEventDispatcher.java:35)
	at com.sun.javafx.event.EventDispatchChainImpl.dispatchEvent(EventDispatchChainImpl.java:92)
	at com.sun.javafx.event.BasicEventDispatcher.dispatchEvent(BasicEventDispatcher.java:35)
	at com.sun.javafx.event.EventDispatchChainImpl.dispatchEvent(EventDispatchChainImpl.java:92)
	at com.sun.javafx.event.BasicEventDispatcher.dispatchEvent(BasicEventDispatcher.java:35)
	at com.sun.javafx.event.EventDispatchChainImpl.dispatchEvent(EventDispatchChainImpl.java:92)
	at com.sun.javafx.event.BasicEventDispatcher.dispatchEvent(BasicEventDispatcher.java:35)
	at com.sun.javafx.event.EventDispatchChainImpl.dispatchEvent(EventDispatchChainImpl.java:92)
	at com.sun.javafx.event.BasicEventDispatcher.dispatchEvent(BasicEventDispatcher.java:35)
	at com.sun.javafx.event.EventDispatchChainImpl.dispatchEvent(EventDispatchChainImpl.java:92)
	at com.sun.javafx.event.EventUtil.fireEventImpl(EventUtil.java:53)
	at com.sun.javafx.event.EventUtil.fireEvent(EventUtil.java:33)
	at javafx.event.Event.fireEvent(Event.java:171)
	at javafx.scene.Scene$MouseHandler.process(Scene.java:3324)
	at javafx.scene.Scene$MouseHandler.process(Scene.java:3164)
	at javafx.scene.Scene$MouseHandler.access$1900(Scene.java:3119)
	at javafx.scene.Scene.impl_processMouseEvent(Scene.java:1559)
	at javafx.scene.Scene$ScenePeerListener.mouseEvent(Scene.java:2261)
	at com.sun.javafx.tk.quantum.GlassViewEventHandler.handleMouseEvent(GlassViewEventHandler.java:228)
	at com.sun.glass.ui.View.handleMouseEvent(View.java:528)
	at com.sun.glass.ui.View.notifyMouse(View.java:922)
	at com.sun.glass.ui.win.WinApplication._runLoop(Native Method)
	at com.sun.glass.ui.win.WinApplication.access$100(WinApplication.java:29)
	at com.sun.glass.ui.win.WinApplication$3$1.run(WinApplication.java:73)
	at java.lang.Thread.run(Thread.java:722)
Caused by: java.lang.ClassNotFoundException: org.apache.log.format.Formatter
	at java.net.URLClassLoader$1.run(URLClassLoader.java:366)
	at java.net.URLClassLoader$1.run(URLClassLoader.java:355)
	at java.security.AccessController.doPrivileged(Native Method)
	at java.net.URLClassLoader.findClass(URLClassLoader.java:354)
	at java.lang.ClassLoader.loadClass(ClassLoader.java:423)
	at java.lang.ClassLoader.loadClass(ClassLoader.java:356)
	... 83 more
2013-02-07 16:06:30,612 - Trying to use logger class org.apache.velocity.runtime.log.Log4JLogChute
2013-02-07 16:06:30,612 - Using logger class org.apache.velocity.runtime.log.Log4JLogChute
2013-02-07 16:06:30,616 - Default ResourceManager initializing. (class org.apache.velocity.runtime.resource.ResourceManagerImpl)
2013-02-07 16:06:30,619 - ResourceLoader instantiated: org.apache.velocity.runtime.resource.loader.ClasspathResourceLoader
2013-02-07 16:06:30,786 - ResourceCache: initialized (class org.apache.velocity.runtime.resource.ResourceCacheImpl)
2013-02-07 16:06:30,787 - Loaded System Directive: org.apache.velocity.runtime.directive.Literal
2013-02-07 16:06:30,788 - Loaded System Directive: org.apache.velocity.runtime.directive.Macro
2013-02-07 16:06:30,789 - Loaded System Directive: org.apache.velocity.runtime.directive.Parse
2013-02-07 16:06:30,791 - Loaded System Directive: org.apache.velocity.runtime.directive.Include
2013-02-07 16:06:30,791 - Loaded System Directive: org.apache.velocity.runtime.directive.Foreach
2013-02-07 16:06:30,825 - Created '20' parsers.
2013-02-07 16:06:30,830 - Velocimacro : "velocimacro.library" is not set.  Trying default library: VM_global_library.vm
2013-02-07 16:06:30,831 - Velocimacro : Default library not found.
2013-02-07 16:06:30,831 - Velocimacro : allowInline = true : VMs can be defined inline in templates
2013-02-07 16:06:30,831 - Velocimacro : allowInlineToOverride = false : VMs defined inline may NOT replace previous VM definitions
2013-02-07 16:06:30,831 - Velocimacro : allowInlineLocal = false : VMs defined inline will be global in scope if allowed.
2013-02-07 16:06:30,831 - Velocimacro : autoload off : VM system will not automatically reload global library macros
2013-02-07 16:06:30,843 - ResourceManager : found /templates/r2rml/subjectMap.vm with loader org.apache.velocity.runtime.resource.loader.ClasspathResourceLoader
2013-02-07 16:06:30,853 - ResourceManager : found /templates/r2rml/predicateObjectMap.vm with loader org.apache.velocity.runtime.resource.loader.ClasspathResourceLoader
2013-02-07 16:06:30,856 - ResourceManager : found /templates/r2rml/datatypeMap.vm with loader org.apache.velocity.runtime.resource.loader.ClasspathResourceLoader
2013-02-07 16:06:30,859 - ResourceManager : found /templates/r2rml/objectMap.vm with loader org.apache.velocity.runtime.resource.loader.ClasspathResourceLoader
2013-02-07 16:08:17,331 - Log4JLogChute initialized using file 'velocity.log'
2013-02-07 16:08:17,332 - Starting Apache Velocity v1.5 (compiled: 2007-02-22 08:52:29)
2013-02-07 16:08:17,332 - Default Properties File: org\apache\velocity\runtime\defaults\velocity.properties
2013-02-07 16:08:17,332 - Trying to use logger class org.apache.velocity.runtime.log.AvalonLogChute
2013-02-07 16:08:17,333 - Couldn't find class org.apache.velocity.runtime.log.AvalonLogChute or necessary supporting classes in classpath.
java.lang.NoClassDefFoundError: org/apache/log/format/Formatter
	at java.lang.Class.forName0(Native Method)
	at java.lang.Class.forName(Class.java:264)
	at org.apache.velocity.util.ClassUtils.getClass(ClassUtils.java:63)
	at org.apache.velocity.util.ClassUtils.getNewInstance(ClassUtils.java:95)
	at org.apache.velocity.runtime.log.LogManager.createLogChute(LogManager.java:147)
	at org.apache.velocity.runtime.log.LogManager.updateLog(LogManager.java:208)
	at org.apache.velocity.runtime.RuntimeInstance.initializeLog(RuntimeInstance.java:728)
	at org.apache.velocity.runtime.RuntimeInstance.init(RuntimeInstance.java:240)
	at org.apache.velocity.runtime.RuntimeSingleton.init(RuntimeSingleton.java:113)
	at org.apache.velocity.app.Velocity.init(Velocity.java:83)
	at rdb2rdfmappingbuilder.TemplateUtil.loadTemplate(TemplateUtil.java:50)
	at rdb2rdfmappingbuilder.TemplateUtil.applyTemplate(TemplateUtil.java:22)
	at rdb2rdfmappingbuilder.MainController.createR2rmlFired(MainController.java:560)
	at sun.reflect.NativeMethodAccessorImpl.invoke0(Native Method)
	at sun.reflect.NativeMethodAccessorImpl.invoke(NativeMethodAccessorImpl.java:57)
	at sun.reflect.DelegatingMethodAccessorImpl.invoke(DelegatingMethodAccessorImpl.java:43)
	at java.lang.reflect.Method.invoke(Method.java:601)
	at javafx.fxml.FXMLLoader$ControllerMethodEventHandler.handle(FXMLLoader.java:1435)
	at com.sun.javafx.event.CompositeEventHandler.dispatchBubblingEvent(CompositeEventHandler.java:69)
	at com.sun.javafx.event.EventHandlerManager.dispatchBubblingEvent(EventHandlerManager.java:217)
	at com.sun.javafx.event.EventHandlerManager.dispatchBubblingEvent(EventHandlerManager.java:170)
	at com.sun.javafx.event.CompositeEventDispatcher.dispatchBubblingEvent(CompositeEventDispatcher.java:38)
	at com.sun.javafx.event.BasicEventDispatcher.dispatchEvent(BasicEventDispatcher.java:37)
	at com.sun.javafx.event.EventDispatchChainImpl.dispatchEvent(EventDispatchChainImpl.java:92)
	at com.sun.javafx.event.BasicEventDispatcher.dispatchEvent(BasicEventDispatcher.java:35)
	at com.sun.javafx.event.EventDispatchChainImpl.dispatchEvent(EventDispatchChainImpl.java:92)
	at com.sun.javafx.event.BasicEventDispatcher.dispatchEvent(BasicEventDispatcher.java:35)
	at com.sun.javafx.event.EventDispatchChainImpl.dispatchEvent(EventDispatchChainImpl.java:92)
	at com.sun.javafx.event.BasicEventDispatcher.dispatchEvent(BasicEventDispatcher.java:35)
	at com.sun.javafx.event.EventDispatchChainImpl.dispatchEvent(EventDispatchChainImpl.java:92)
	at com.sun.javafx.event.BasicEventDispatcher.dispatchEvent(BasicEventDispatcher.java:35)
	at com.sun.javafx.event.EventDispatchChainImpl.dispatchEvent(EventDispatchChainImpl.java:92)
	at com.sun.javafx.event.BasicEventDispatcher.dispatchEvent(BasicEventDispatcher.java:35)
	at com.sun.javafx.event.EventDispatchChainImpl.dispatchEvent(EventDispatchChainImpl.java:92)
	at com.sun.javafx.event.BasicEventDispatcher.dispatchEvent(BasicEventDispatcher.java:35)
	at com.sun.javafx.event.EventDispatchChainImpl.dispatchEvent(EventDispatchChainImpl.java:92)
	at com.sun.javafx.event.BasicEventDispatcher.dispatchEvent(BasicEventDispatcher.java:35)
	at com.sun.javafx.event.EventDispatchChainImpl.dispatchEvent(EventDispatchChainImpl.java:92)
	at com.sun.javafx.event.EventUtil.fireEventImpl(EventUtil.java:53)
	at com.sun.javafx.event.EventUtil.fireEvent(EventUtil.java:28)
	at javafx.event.Event.fireEvent(Event.java:171)
	at javafx.scene.Node.fireEvent(Node.java:6863)
	at javafx.scene.control.Button.fire(Button.java:179)
	at com.sun.javafx.scene.control.behavior.ButtonBehavior.mouseReleased(ButtonBehavior.java:193)
	at com.sun.javafx.scene.control.skin.SkinBase$4.handle(SkinBase.java:336)
	at com.sun.javafx.scene.control.skin.SkinBase$4.handle(SkinBase.java:329)
	at com.sun.javafx.event.CompositeEventHandler.dispatchBubblingEvent(CompositeEventHandler.java:64)
	at com.sun.javafx.event.EventHandlerManager.dispatchBubblingEvent(EventHandlerManager.java:217)
	at com.sun.javafx.event.EventHandlerManager.dispatchBubblingEvent(EventHandlerManager.java:170)
	at com.sun.javafx.event.CompositeEventDispatcher.dispatchBubblingEvent(CompositeEventDispatcher.java:38)
	at com.sun.javafx.event.BasicEventDispatcher.dispatchEvent(BasicEventDispatcher.java:37)
	at com.sun.javafx.event.EventDispatchChainImpl.dispatchEvent(EventDispatchChainImpl.java:92)
	at com.sun.javafx.event.BasicEventDispatcher.dispatchEvent(BasicEventDispatcher.java:35)
	at com.sun.javafx.event.EventDispatchChainImpl.dispatchEvent(EventDispatchChainImpl.java:92)
	at com.sun.javafx.event.BasicEventDispatcher.dispatchEvent(BasicEventDispatcher.java:35)
	at com.sun.javafx.event.EventDispatchChainImpl.dispatchEvent(EventDispatchChainImpl.java:92)
	at com.sun.javafx.event.BasicEventDispatcher.dispatchEvent(BasicEventDispatcher.java:35)
	at com.sun.javafx.event.EventDispatchChainImpl.dispatchEvent(EventDispatchChainImpl.java:92)
	at com.sun.javafx.event.BasicEventDispatcher.dispatchEvent(BasicEventDispatcher.java:35)
	at com.sun.javafx.event.EventDispatchChainImpl.dispatchEvent(EventDispatchChainImpl.java:92)
	at com.sun.javafx.event.BasicEventDispatcher.dispatchEvent(BasicEventDispatcher.java:35)
	at com.sun.javafx.event.EventDispatchChainImpl.dispatchEvent(EventDispatchChainImpl.java:92)
	at com.sun.javafx.event.BasicEventDispatcher.dispatchEvent(BasicEventDispatcher.java:35)
	at com.sun.javafx.event.EventDispatchChainImpl.dispatchEvent(EventDispatchChainImpl.java:92)
	at com.sun.javafx.event.BasicEventDispatcher.dispatchEvent(BasicEventDispatcher.java:35)
	at com.sun.javafx.event.EventDispatchChainImpl.dispatchEvent(EventDispatchChainImpl.java:92)
	at com.sun.javafx.event.BasicEventDispatcher.dispatchEvent(BasicEventDispatcher.java:35)
	at com.sun.javafx.event.EventDispatchChainImpl.dispatchEvent(EventDispatchChainImpl.java:92)
	at com.sun.javafx.event.EventUtil.fireEventImpl(EventUtil.java:53)
	at com.sun.javafx.event.EventUtil.fireEvent(EventUtil.java:33)
	at javafx.event.Event.fireEvent(Event.java:171)
	at javafx.scene.Scene$MouseHandler.process(Scene.java:3324)
	at javafx.scene.Scene$MouseHandler.process(Scene.java:3164)
	at javafx.scene.Scene$MouseHandler.access$1900(Scene.java:3119)
	at javafx.scene.Scene.impl_processMouseEvent(Scene.java:1559)
	at javafx.scene.Scene$ScenePeerListener.mouseEvent(Scene.java:2261)
	at com.sun.javafx.tk.quantum.GlassViewEventHandler.handleMouseEvent(GlassViewEventHandler.java:228)
	at com.sun.glass.ui.View.handleMouseEvent(View.java:528)
	at com.sun.glass.ui.View.notifyMouse(View.java:922)
	at com.sun.glass.ui.win.WinApplication._runLoop(Native Method)
	at com.sun.glass.ui.win.WinApplication.access$100(WinApplication.java:29)
	at com.sun.glass.ui.win.WinApplication$3$1.run(WinApplication.java:73)
	at java.lang.Thread.run(Thread.java:722)
Caused by: java.lang.ClassNotFoundException: org.apache.log.format.Formatter
	at java.net.URLClassLoader$1.run(URLClassLoader.java:366)
	at java.net.URLClassLoader$1.run(URLClassLoader.java:355)
	at java.security.AccessController.doPrivileged(Native Method)
	at java.net.URLClassLoader.findClass(URLClassLoader.java:354)
	at java.lang.ClassLoader.loadClass(ClassLoader.java:423)
	at java.lang.ClassLoader.loadClass(ClassLoader.java:356)
	... 83 more
2013-02-07 16:08:17,337 - Trying to use logger class org.apache.velocity.runtime.log.Log4JLogChute
2013-02-07 16:08:17,337 - Using logger class org.apache.velocity.runtime.log.Log4JLogChute
2013-02-07 16:08:17,340 - Default ResourceManager initializing. (class org.apache.velocity.runtime.resource.ResourceManagerImpl)
2013-02-07 16:08:17,343 - ResourceLoader instantiated: org.apache.velocity.runtime.resource.loader.ClasspathResourceLoader
2013-02-07 16:08:17,364 - ResourceCache: initialized (class org.apache.velocity.runtime.resource.ResourceCacheImpl)
2013-02-07 16:08:17,366 - Loaded System Directive: org.apache.velocity.runtime.directive.Literal
2013-02-07 16:08:17,367 - Loaded System Directive: org.apache.velocity.runtime.directive.Macro
2013-02-07 16:08:17,369 - Loaded System Directive: org.apache.velocity.runtime.directive.Parse
2013-02-07 16:08:17,370 - Loaded System Directive: org.apache.velocity.runtime.directive.Include
2013-02-07 16:08:17,371 - Loaded System Directive: org.apache.velocity.runtime.directive.Foreach
2013-02-07 16:08:17,404 - Created '20' parsers.
2013-02-07 16:08:17,410 - Velocimacro : "velocimacro.library" is not set.  Trying default library: VM_global_library.vm
2013-02-07 16:08:17,410 - Velocimacro : Default library not found.
2013-02-07 16:08:17,410 - Velocimacro : allowInline = true : VMs can be defined inline in templates
2013-02-07 16:08:17,410 - Velocimacro : allowInlineToOverride = false : VMs defined inline may NOT replace previous VM definitions
2013-02-07 16:08:17,410 - Velocimacro : allowInlineLocal = false : VMs defined inline will be global in scope if allowed.
2013-02-07 16:08:17,410 - Velocimacro : autoload off : VM system will not automatically reload global library macros
2013-02-07 16:08:17,423 - ResourceManager : found /templates/r2rml/subjectMap.vm with loader org.apache.velocity.runtime.resource.loader.ClasspathResourceLoader
2013-02-07 23:11:06,722 - Log4JLogChute initialized using file 'velocity.log'
2013-02-07 23:11:06,723 - Starting Apache Velocity v1.5 (compiled: 2007-02-22 08:52:29)
2013-02-07 23:11:06,723 - Default Properties File: org\apache\velocity\runtime\defaults\velocity.properties
2013-02-07 23:11:06,723 - Trying to use logger class org.apache.velocity.runtime.log.AvalonLogChute
2013-02-07 23:11:06,723 - Couldn't find class org.apache.velocity.runtime.log.AvalonLogChute or necessary supporting classes in classpath.
java.lang.NoClassDefFoundError: org/apache/log/format/Formatter
	at java.lang.Class.forName0(Native Method)
	at java.lang.Class.forName(Class.java:264)
	at org.apache.velocity.util.ClassUtils.getClass(ClassUtils.java:63)
	at org.apache.velocity.util.ClassUtils.getNewInstance(ClassUtils.java:95)
	at org.apache.velocity.runtime.log.LogManager.createLogChute(LogManager.java:147)
	at org.apache.velocity.runtime.log.LogManager.updateLog(LogManager.java:208)
	at org.apache.velocity.runtime.RuntimeInstance.initializeLog(RuntimeInstance.java:728)
	at org.apache.velocity.runtime.RuntimeInstance.init(RuntimeInstance.java:240)
	at org.apache.velocity.runtime.RuntimeSingleton.init(RuntimeSingleton.java:113)
	at org.apache.velocity.app.Velocity.init(Velocity.java:83)
	at rdb2rdfmappingbuilder.TemplateUtil.loadTemplate(TemplateUtil.java:50)
	at rdb2rdfmappingbuilder.TemplateUtil.applyTemplate(TemplateUtil.java:22)
	at rdb2rdfmappingbuilder.MainController.createR2rmlFired(MainController.java:557)
	at sun.reflect.NativeMethodAccessorImpl.invoke0(Native Method)
	at sun.reflect.NativeMethodAccessorImpl.invoke(NativeMethodAccessorImpl.java:57)
	at sun.reflect.DelegatingMethodAccessorImpl.invoke(DelegatingMethodAccessorImpl.java:43)
	at java.lang.reflect.Method.invoke(Method.java:601)
	at javafx.fxml.FXMLLoader$ControllerMethodEventHandler.handle(FXMLLoader.java:1435)
	at com.sun.javafx.event.CompositeEventHandler.dispatchBubblingEvent(CompositeEventHandler.java:69)
	at com.sun.javafx.event.EventHandlerManager.dispatchBubblingEvent(EventHandlerManager.java:217)
	at com.sun.javafx.event.EventHandlerManager.dispatchBubblingEvent(EventHandlerManager.java:170)
	at com.sun.javafx.event.CompositeEventDispatcher.dispatchBubblingEvent(CompositeEventDispatcher.java:38)
	at com.sun.javafx.event.BasicEventDispatcher.dispatchEvent(BasicEventDispatcher.java:37)
	at com.sun.javafx.event.EventDispatchChainImpl.dispatchEvent(EventDispatchChainImpl.java:92)
	at com.sun.javafx.event.BasicEventDispatcher.dispatchEvent(BasicEventDispatcher.java:35)
	at com.sun.javafx.event.EventDispatchChainImpl.dispatchEvent(EventDispatchChainImpl.java:92)
	at com.sun.javafx.event.BasicEventDispatcher.dispatchEvent(BasicEventDispatcher.java:35)
	at com.sun.javafx.event.EventDispatchChainImpl.dispatchEvent(EventDispatchChainImpl.java:92)
	at com.sun.javafx.event.BasicEventDispatcher.dispatchEvent(BasicEventDispatcher.java:35)
	at com.sun.javafx.event.EventDispatchChainImpl.dispatchEvent(EventDispatchChainImpl.java:92)
	at com.sun.javafx.event.BasicEventDispatcher.dispatchEvent(BasicEventDispatcher.java:35)
	at com.sun.javafx.event.EventDispatchChainImpl.dispatchEvent(EventDispatchChainImpl.java:92)
	at com.sun.javafx.event.BasicEventDispatcher.dispatchEvent(BasicEventDispatcher.java:35)
	at com.sun.javafx.event.EventDispatchChainImpl.dispatchEvent(EventDispatchChainImpl.java:92)
	at com.sun.javafx.event.BasicEventDispatcher.dispatchEvent(BasicEventDispatcher.java:35)
	at com.sun.javafx.event.EventDispatchChainImpl.dispatchEvent(EventDispatchChainImpl.java:92)
	at com.sun.javafx.event.BasicEventDispatcher.dispatchEvent(BasicEventDispatcher.java:35)
	at com.sun.javafx.event.EventDispatchChainImpl.dispatchEvent(EventDispatchChainImpl.java:92)
	at com.sun.javafx.event.EventUtil.fireEventImpl(EventUtil.java:53)
	at com.sun.javafx.event.EventUtil.fireEvent(EventUtil.java:28)
	at javafx.event.Event.fireEvent(Event.java:171)
	at javafx.scene.Node.fireEvent(Node.java:6863)
	at javafx.scene.control.Button.fire(Button.java:179)
	at com.sun.javafx.scene.control.behavior.ButtonBehavior.mouseReleased(ButtonBehavior.java:193)
	at com.sun.javafx.scene.control.skin.SkinBase$4.handle(SkinBase.java:336)
	at com.sun.javafx.scene.control.skin.SkinBase$4.handle(SkinBase.java:329)
	at com.sun.javafx.event.CompositeEventHandler.dispatchBubblingEvent(CompositeEventHandler.java:64)
	at com.sun.javafx.event.EventHandlerManager.dispatchBubblingEvent(EventHandlerManager.java:217)
	at com.sun.javafx.event.EventHandlerManager.dispatchBubblingEvent(EventHandlerManager.java:170)
	at com.sun.javafx.event.CompositeEventDispatcher.dispatchBubblingEvent(CompositeEventDispatcher.java:38)
	at com.sun.javafx.event.BasicEventDispatcher.dispatchEvent(BasicEventDispatcher.java:37)
	at com.sun.javafx.event.EventDispatchChainImpl.dispatchEvent(EventDispatchChainImpl.java:92)
	at com.sun.javafx.event.BasicEventDispatcher.dispatchEvent(BasicEventDispatcher.java:35)
	at com.sun.javafx.event.EventDispatchChainImpl.dispatchEvent(EventDispatchChainImpl.java:92)
	at com.sun.javafx.event.BasicEventDispatcher.dispatchEvent(BasicEventDispatcher.java:35)
	at com.sun.javafx.event.EventDispatchChainImpl.dispatchEvent(EventDispatchChainImpl.java:92)
	at com.sun.javafx.event.BasicEventDispatcher.dispatchEvent(BasicEventDispatcher.java:35)
	at com.sun.javafx.event.EventDispatchChainImpl.dispatchEvent(EventDispatchChainImpl.java:92)
	at com.sun.javafx.event.BasicEventDispatcher.dispatchEvent(BasicEventDispatcher.java:35)
	at com.sun.javafx.event.EventDispatchChainImpl.dispatchEvent(EventDispatchChainImpl.java:92)
	at com.sun.javafx.event.BasicEventDispatcher.dispatchEvent(BasicEventDispatcher.java:35)
	at com.sun.javafx.event.EventDispatchChainImpl.dispatchEvent(EventDispatchChainImpl.java:92)
	at com.sun.javafx.event.BasicEventDispatcher.dispatchEvent(BasicEventDispatcher.java:35)
	at com.sun.javafx.event.EventDispatchChainImpl.dispatchEvent(EventDispatchChainImpl.java:92)
	at com.sun.javafx.event.BasicEventDispatcher.dispatchEvent(BasicEventDispatcher.java:35)
	at com.sun.javafx.event.EventDispatchChainImpl.dispatchEvent(EventDispatchChainImpl.java:92)
	at com.sun.javafx.event.BasicEventDispatcher.dispatchEvent(BasicEventDispatcher.java:35)
	at com.sun.javafx.event.EventDispatchChainImpl.dispatchEvent(EventDispatchChainImpl.java:92)
	at com.sun.javafx.event.EventUtil.fireEventImpl(EventUtil.java:53)
	at com.sun.javafx.event.EventUtil.fireEvent(EventUtil.java:33)
	at javafx.event.Event.fireEvent(Event.java:171)
	at javafx.scene.Scene$MouseHandler.process(Scene.java:3324)
	at javafx.scene.Scene$MouseHandler.process(Scene.java:3164)
	at javafx.scene.Scene$MouseHandler.access$1900(Scene.java:3119)
	at javafx.scene.Scene.impl_processMouseEvent(Scene.java:1559)
	at javafx.scene.Scene$ScenePeerListener.mouseEvent(Scene.java:2261)
	at com.sun.javafx.tk.quantum.GlassViewEventHandler.handleMouseEvent(GlassViewEventHandler.java:228)
	at com.sun.glass.ui.View.handleMouseEvent(View.java:528)
	at com.sun.glass.ui.View.notifyMouse(View.java:922)
	at com.sun.glass.ui.win.WinApplication._runLoop(Native Method)
	at com.sun.glass.ui.win.WinApplication.access$100(WinApplication.java:29)
	at com.sun.glass.ui.win.WinApplication$3$1.run(WinApplication.java:73)
	at java.lang.Thread.run(Thread.java:722)
Caused by: java.lang.ClassNotFoundException: org.apache.log.format.Formatter
	at java.net.URLClassLoader$1.run(URLClassLoader.java:366)
	at java.net.URLClassLoader$1.run(URLClassLoader.java:355)
	at java.security.AccessController.doPrivileged(Native Method)
	at java.net.URLClassLoader.findClass(URLClassLoader.java:354)
	at java.lang.ClassLoader.loadClass(ClassLoader.java:423)
	at java.lang.ClassLoader.loadClass(ClassLoader.java:356)
	... 83 more
2013-02-07 23:11:06,729 - Trying to use logger class org.apache.velocity.runtime.log.Log4JLogChute
2013-02-07 23:11:06,729 - Using logger class org.apache.velocity.runtime.log.Log4JLogChute
2013-02-07 23:11:06,732 - Default ResourceManager initializing. (class org.apache.velocity.runtime.resource.ResourceManagerImpl)
2013-02-07 23:11:06,735 - ResourceLoader instantiated: org.apache.velocity.runtime.resource.loader.ClasspathResourceLoader
2013-02-07 23:11:06,756 - ResourceCache: initialized (class org.apache.velocity.runtime.resource.ResourceCacheImpl)
2013-02-07 23:11:06,757 - Loaded System Directive: org.apache.velocity.runtime.directive.Literal
2013-02-07 23:11:06,759 - Loaded System Directive: org.apache.velocity.runtime.directive.Macro
2013-02-07 23:11:06,761 - Loaded System Directive: org.apache.velocity.runtime.directive.Parse
2013-02-07 23:11:06,763 - Loaded System Directive: org.apache.velocity.runtime.directive.Include
2013-02-07 23:11:06,765 - Loaded System Directive: org.apache.velocity.runtime.directive.Foreach
2013-02-07 23:11:06,819 - Created '20' parsers.
2013-02-07 23:11:06,828 - Velocimacro : "velocimacro.library" is not set.  Trying default library: VM_global_library.vm
2013-02-07 23:11:06,828 - Velocimacro : Default library not found.
2013-02-07 23:11:06,829 - Velocimacro : allowInline = true : VMs can be defined inline in templates
2013-02-07 23:11:06,829 - Velocimacro : allowInlineToOverride = false : VMs defined inline may NOT replace previous VM definitions
2013-02-07 23:11:06,829 - Velocimacro : allowInlineLocal = false : VMs defined inline will be global in scope if allowed.
2013-02-07 23:11:06,829 - Velocimacro : autoload off : VM system will not automatically reload global library macros
2013-02-07 23:11:06,843 - ResourceManager : found /templates/r2rml/subjectMap.vm with loader org.apache.velocity.runtime.resource.loader.ClasspathResourceLoader
