2013-10-03 23:00:12,281 - Trying to use logger class org.apache.velocity.runtime.log.Log4JLogChute
2013-10-03 23:00:12,281 - Using logger class org.apache.velocity.runtime.log.Log4JLogChute
2013-10-03 23:00:12,285 - Default ResourceManager initializing. (class org.apache.velocity.runtime.resource.ResourceManagerImpl)
2013-10-03 23:00:12,288 - ResourceLoader instantiated: org.apache.velocity.runtime.resource.loader.ClasspathResourceLoader
2013-10-03 23:00:12,310 - ResourceCache: initialized (class org.apache.velocity.runtime.resource.ResourceCacheImpl)
2013-10-03 23:00:12,313 - Loaded System Directive: org.apache.velocity.runtime.directive.Literal
2013-10-03 23:00:12,315 - Loaded System Directive: org.apache.velocity.runtime.directive.Macro
2013-10-03 23:00:12,318 - Loaded System Directive: org.apache.velocity.runtime.directive.Parse
2013-10-03 23:00:12,320 - Loaded System Directive: org.apache.velocity.runtime.directive.Include
2013-10-03 23:00:12,321 - Loaded System Directive: org.apache.velocity.runtime.directive.Foreach
2013-10-03 23:00:12,393 - Created '20' parsers.
2013-10-03 23:00:12,399 - Velocimacro : "velocimacro.library" is not set.  Trying default library: VM_global_library.vm
2013-10-03 23:00:12,399 - Velocimacro : Default library not found.
2013-10-03 23:00:12,399 - Velocimacro : allowInline = true : VMs can be defined inline in templates
2013-10-03 23:00:12,399 - Velocimacro : allowInlineToOverride = false : VMs defined inline may NOT replace previous VM definitions
2013-10-03 23:00:12,399 - Velocimacro : allowInlineLocal = false : VMs defined inline will be global in scope if allowed.
2013-10-03 23:00:12,399 - Velocimacro : autoload off : VM system will not automatically reload global library macros
2013-10-03 23:00:12,421 - ResourceManager : found /templates/views/pathView.vm with loader org.apache.velocity.runtime.resource.loader.ClasspathResourceLoader
2013-10-03 23:00:12,433 - ResourceManager : found /templates/views/simpleView.vm with loader org.apache.velocity.runtime.resource.loader.ClasspathResourceLoader
2013-10-03 23:02:53,677 - ResourceManager : found /templates/r2rml/subjectMap.vm with loader org.apache.velocity.runtime.resource.loader.ClasspathResourceLoader
2013-10-03 23:02:53,681 - ResourceManager : found /templates/r2rml/predicateObjectMap.vm with loader org.apache.velocity.runtime.resource.loader.ClasspathResourceLoader
2013-10-03 23:02:53,683 - ResourceManager : found /templates/r2rml/datatypeMap.vm with loader org.apache.velocity.runtime.resource.loader.ClasspathResourceLoader
2013-10-03 23:02:53,684 - ResourceManager : found /templates/r2rml/datatypeMap.vm with loader org.apache.velocity.runtime.resource.loader.ClasspathResourceLoader
2013-10-03 23:02:53,689 - ResourceManager : found /templates/r2rml/objectMap.vm with loader org.apache.velocity.runtime.resource.loader.ClasspathResourceLoader
2013-10-03 23:02:53,691 - ResourceManager : found /templates/r2rml/objectMap.vm with loader org.apache.velocity.runtime.resource.loader.ClasspathResourceLoader
2013-10-03 23:02:53,693 - ResourceManager : found /templates/r2rml/objectMap.vm with loader org.apache.velocity.runtime.resource.loader.ClasspathResourceLoader
2013-10-03 23:02:53,694 - ResourceManager : found /templates/r2rml/datatypeMap.vm with loader org.apache.velocity.runtime.resource.loader.ClasspathResourceLoader
2013-10-03 23:02:53,696 - ResourceManager : found /templates/r2rml/objectMap.vm with loader org.apache.velocity.runtime.resource.loader.ClasspathResourceLoader
2013-10-03 23:02:53,697 - ResourceManager : found /templates/r2rml/datatypeMap.vm with loader org.apache.velocity.runtime.resource.loader.ClasspathResourceLoader
2013-10-03 23:02:53,698 - ResourceManager : found /templates/r2rml/datatypeMapManyCols.vm with loader org.apache.velocity.runtime.resource.loader.ClasspathResourceLoader
2013-10-03 23:02:53,700 - ResourceManager : found /templates/r2rml/objectMap.vm with loader org.apache.velocity.runtime.resource.loader.ClasspathResourceLoader
2013-10-03 23:02:53,702 - ResourceManager : found /templates/r2rml/objectMap.vm with loader org.apache.velocity.runtime.resource.loader.ClasspathResourceLoader
2013-10-23 19:14:17,766 - Log4JLogChute initialized using file 'velocity.log'
2013-10-23 19:14:17,767 - Starting Apache Velocity v1.5 (compiled: 2007-02-22 08:52:29)
2013-10-23 19:14:17,767 - Default Properties File: org\apache\velocity\runtime\defaults\velocity.properties
2013-10-23 19:14:17,767 - Trying to use logger class org.apache.velocity.runtime.log.AvalonLogChute
2013-10-23 19:14:17,768 - Couldn't find class org.apache.velocity.runtime.log.AvalonLogChute or necessary supporting classes in classpath.
java.lang.NoClassDefFoundError: org/apache/log/format/Formatter
	at java.lang.Class.forName0(Native Method)
	at java.lang.Class.forName(Class.java:264)
	at org.apache.velocity.util.ClassUtils.getClass(ClassUtils.java:63)
	at org.apache.velocity.util.ClassUtils.getNewInstance(ClassUtils.java:95)
	at org.apache.velocity.runtime.log.LogManager.createLogChute(LogManager.java:147)
	at org.apache.velocity.runtime.log.LogManager.updateLog(LogManager.java:208)
	at org.apache.velocity.runtime.RuntimeInstance.initializeLog(RuntimeInstance.java:728)
	at org.apache.velocity.runtime.RuntimeInstance.init(RuntimeInstance.java:240)
	at org.apache.velocity.runtime.RuntimeSingleton.init(RuntimeSingleton.java:113)
	at org.apache.velocity.app.Velocity.init(Velocity.java:83)
	at rdb2rdfmappingbuilder.TemplateUtil.loadTemplate(TemplateUtil.java:49)
	at rdb2rdfmappingbuilder.TemplateUtil.applyTemplate(TemplateUtil.java:21)
	at br.ufc.mcc.arida.rdb2rdfmb.mapping.ViewsGen.buildViews(ViewsGen.java:143)
	at rdb2rdfmappingbuilder.MainController.createSqlViewsFired(MainController.java:712)
	at sun.reflect.NativeMethodAccessorImpl.invoke0(Native Method)
	at sun.reflect.NativeMethodAccessorImpl.invoke(NativeMethodAccessorImpl.java:57)
	at sun.reflect.DelegatingMethodAccessorImpl.invoke(DelegatingMethodAccessorImpl.java:43)
	at java.lang.reflect.Method.invoke(Method.java:601)
	at javafx.fxml.FXMLLoader$ControllerMethodEventHandler.handle(FXMLLoader.java:1435)
	at com.sun.javafx.event.CompositeEventHandler.dispatchBubblingEvent(CompositeEventHandler.java:69)
	at com.sun.javafx.event.EventHandlerManager.dispatchBubblingEvent(EventHandlerManager.java:217)
	at com.sun.javafx.event.EventHandlerManager.dispatchBubblingEvent(EventHandlerManager.java:170)
	at com.sun.javafx.event.CompositeEventDispatcher.dispatchBubblingEvent(CompositeEventDispatcher.java:38)
	at com.sun.javafx.event.BasicEventDispatcher.dispatchEvent(BasicEventDispatcher.java:37)
	at com.sun.javafx.event.EventDispatchChainImpl.dispatchEvent(EventDispatchChainImpl.java:92)
	at com.sun.javafx.event.BasicEventDispatcher.dispatchEvent(BasicEventDispatcher.java:35)
	at com.sun.javafx.event.EventDispatchChainImpl.dispatchEvent(EventDispatchChainImpl.java:92)
	at com.sun.javafx.event.BasicEventDispatcher.dispatchEvent(BasicEventDispatcher.java:35)
	at com.sun.javafx.event.EventDispatchChainImpl.dispatchEvent(EventDispatchChainImpl.java:92)
	at com.sun.javafx.event.BasicEventDispatcher.dispatchEvent(BasicEventDispatcher.java:35)
	at com.sun.javafx.event.EventDispatchChainImpl.dispatchEvent(EventDispatchChainImpl.java:92)
	at com.sun.javafx.event.BasicEventDispatcher.dispatchEvent(BasicEventDispatcher.java:35)
	at com.sun.javafx.event.EventDispatchChainImpl.dispatchEvent(EventDispatchChainImpl.java:92)
	at com.sun.javafx.event.BasicEventDispatcher.dispatchEvent(BasicEventDispatcher.java:35)
	at com.sun.javafx.event.EventDispatchChainImpl.dispatchEvent(EventDispatchChainImpl.java:92)
	at com.sun.javafx.event.BasicEventDispatcher.dispatchEvent(BasicEventDispatcher.java:35)
	at com.sun.javafx.event.EventDispatchChainImpl.dispatchEvent(EventDispatchChainImpl.java:92)
	at com.sun.javafx.event.BasicEventDispatcher.dispatchEvent(BasicEventDispatcher.java:35)
	at com.sun.javafx.event.EventDispatchChainImpl.dispatchEvent(EventDispatchChainImpl.java:92)
	at com.sun.javafx.event.EventUtil.fireEventImpl(EventUtil.java:53)
	at com.sun.javafx.event.EventUtil.fireEvent(EventUtil.java:28)
	at javafx.event.Event.fireEvent(Event.java:171)
	at javafx.scene.Node.fireEvent(Node.java:6863)
	at javafx.scene.control.Button.fire(Button.java:179)
	at com.sun.javafx.scene.control.behavior.ButtonBehavior.mouseReleased(ButtonBehavior.java:193)
	at com.sun.javafx.scene.control.skin.SkinBase$4.handle(SkinBase.java:336)
	at com.sun.javafx.scene.control.skin.SkinBase$4.handle(SkinBase.java:329)
	at com.sun.javafx.event.CompositeEventHandler.dispatchBubblingEvent(CompositeEventHandler.java:64)
	at com.sun.javafx.event.EventHandlerManager.dispatchBubblingEvent(EventHandlerManager.java:217)
	at com.sun.javafx.event.EventHandlerManager.dispatchBubblingEvent(EventHandlerManager.java:170)
	at com.sun.javafx.event.CompositeEventDispatcher.dispatchBubblingEvent(CompositeEventDispatcher.java:38)
	at com.sun.javafx.event.BasicEventDispatcher.dispatchEvent(BasicEventDispatcher.java:37)
	at com.sun.javafx.event.EventDispatchChainImpl.dispatchEvent(EventDispatchChainImpl.java:92)
	at com.sun.javafx.event.BasicEventDispatcher.dispatchEvent(BasicEventDispatcher.java:35)
	at com.sun.javafx.event.EventDispatchChainImpl.dispatchEvent(EventDispatchChainImpl.java:92)
	at com.sun.javafx.event.BasicEventDispatcher.dispatchEvent(BasicEventDispatcher.java:35)
	at com.sun.javafx.event.EventDispatchChainImpl.dispatchEvent(EventDispatchChainImpl.java:92)
	at com.sun.javafx.event.BasicEventDispatcher.dispatchEvent(BasicEventDispatcher.java:35)
	at com.sun.javafx.event.EventDispatchChainImpl.dispatchEvent(EventDispatchChainImpl.java:92)
	at com.sun.javafx.event.BasicEventDispatcher.dispatchEvent(BasicEventDispatcher.java:35)
	at com.sun.javafx.event.EventDispatchChainImpl.dispatchEvent(EventDispatchChainImpl.java:92)
	at com.sun.javafx.event.BasicEventDispatcher.dispatchEvent(BasicEventDispatcher.java:35)
	at com.sun.javafx.event.EventDispatchChainImpl.dispatchEvent(EventDispatchChainImpl.java:92)
	at com.sun.javafx.event.BasicEventDispatcher.dispatchEvent(BasicEventDispatcher.java:35)
	at com.sun.javafx.event.EventDispatchChainImpl.dispatchEvent(EventDispatchChainImpl.java:92)
	at com.sun.javafx.event.BasicEventDispatcher.dispatchEvent(BasicEventDispatcher.java:35)
	at com.sun.javafx.event.EventDispatchChainImpl.dispatchEvent(EventDispatchChainImpl.java:92)
	at com.sun.javafx.event.BasicEventDispatcher.dispatchEvent(BasicEventDispatcher.java:35)
	at com.sun.javafx.event.EventDispatchChainImpl.dispatchEvent(EventDispatchChainImpl.java:92)
	at com.sun.javafx.event.EventUtil.fireEventImpl(EventUtil.java:53)
	at com.sun.javafx.event.EventUtil.fireEvent(EventUtil.java:33)
	at javafx.event.Event.fireEvent(Event.java:171)
	at javafx.scene.Scene$MouseHandler.process(Scene.java:3324)
	at javafx.scene.Scene$MouseHandler.process(Scene.java:3164)
	at javafx.scene.Scene$MouseHandler.access$1900(Scene.java:3119)
	at javafx.scene.Scene.impl_processMouseEvent(Scene.java:1559)
	at javafx.scene.Scene$ScenePeerListener.mouseEvent(Scene.java:2261)
	at com.sun.javafx.tk.quantum.GlassViewEventHandler.handleMouseEvent(GlassViewEventHandler.java:228)
	at com.sun.glass.ui.View.handleMouseEvent(View.java:528)
	at com.sun.glass.ui.View.notifyMouse(View.java:922)
	at com.sun.glass.ui.win.WinApplication._runLoop(Native Method)
	at com.sun.glass.ui.win.WinApplication.access$100(WinApplication.java:29)
	at com.sun.glass.ui.win.WinApplication$3$1.run(WinApplication.java:73)
	at java.lang.Thread.run(Thread.java:722)
Caused by: java.lang.ClassNotFoundException: org.apache.log.format.Formatter
	at java.net.URLClassLoader$1.run(URLClassLoader.java:366)
	at java.net.URLClassLoader$1.run(URLClassLoader.java:355)
	at java.security.AccessController.doPrivileged(Native Method)
	at java.net.URLClassLoader.findClass(URLClassLoader.java:354)
	at java.lang.ClassLoader.loadClass(ClassLoader.java:423)
	at java.lang.ClassLoader.loadClass(ClassLoader.java:356)
	... 84 more
2013-10-23 19:14:17,772 - Trying to use logger class org.apache.velocity.runtime.log.Log4JLogChute
2013-10-23 19:14:17,772 - Using logger class org.apache.velocity.runtime.log.Log4JLogChute
2013-10-23 19:14:17,776 - Default ResourceManager initializing. (class org.apache.velocity.runtime.resource.ResourceManagerImpl)
2013-10-23 19:14:17,779 - ResourceLoader instantiated: org.apache.velocity.runtime.resource.loader.ClasspathResourceLoader
2013-10-23 19:14:17,799 - ResourceCache: initialized (class org.apache.velocity.runtime.resource.ResourceCacheImpl)
2013-10-23 19:14:17,800 - Loaded System Directive: org.apache.velocity.runtime.directive.Literal
2013-10-23 19:14:17,801 - Loaded System Directive: org.apache.velocity.runtime.directive.Macro
2013-10-23 19:14:17,802 - Loaded System Directive: org.apache.velocity.runtime.directive.Parse
2013-10-23 19:14:17,803 - Loaded System Directive: org.apache.velocity.runtime.directive.Include
2013-10-23 19:14:17,804 - Loaded System Directive: org.apache.velocity.runtime.directive.Foreach
2013-10-23 19:14:17,838 - Created '20' parsers.
2013-10-23 19:14:17,843 - Velocimacro : "velocimacro.library" is not set.  Trying default library: VM_global_library.vm
2013-10-23 19:14:17,844 - Velocimacro : Default library not found.
2013-10-23 19:14:17,844 - Velocimacro : allowInline = true : VMs can be defined inline in templates
2013-10-23 19:14:17,844 - Velocimacro : allowInlineToOverride = false : VMs defined inline may NOT replace previous VM definitions
2013-10-23 19:14:17,844 - Velocimacro : allowInlineLocal = false : VMs defined inline will be global in scope if allowed.
2013-10-23 19:14:17,844 - Velocimacro : autoload off : VM system will not automatically reload global library macros
2013-10-23 19:14:17,863 - ResourceManager : found /templates/views/pathView.vm with loader org.apache.velocity.runtime.resource.loader.ClasspathResourceLoader
2013-10-23 19:14:17,876 - ResourceManager : found /templates/views/simpleView.vm with loader org.apache.velocity.runtime.resource.loader.ClasspathResourceLoader
2013-10-23 19:14:17,878 - ResourceManager : found /templates/views/pathFilterView.vm with loader org.apache.velocity.runtime.resource.loader.ClasspathResourceLoader
2013-10-23 19:14:17,882 - ResourceManager : found /templates/views/pathView.vm with loader org.apache.velocity.runtime.resource.loader.ClasspathResourceLoader
2013-10-23 19:14:17,883 - ResourceManager : found /templates/views/filterView.vm with loader org.apache.velocity.runtime.resource.loader.ClasspathResourceLoader
2013-10-23 19:14:17,885 - ResourceManager : found /templates/views/simpleView.vm with loader org.apache.velocity.runtime.resource.loader.ClasspathResourceLoader
2013-10-23 19:18:49,469 - ResourceManager : found /templates/r2rml/subjectMap.vm with loader org.apache.velocity.runtime.resource.loader.ClasspathResourceLoader
2013-10-23 19:18:49,472 - ResourceManager : found /templates/r2rml/predicateObjectMap.vm with loader org.apache.velocity.runtime.resource.loader.ClasspathResourceLoader
2013-10-23 19:18:49,473 - ResourceManager : found /templates/r2rml/datatypeMap.vm with loader org.apache.velocity.runtime.resource.loader.ClasspathResourceLoader
2013-10-23 19:18:49,474 - ResourceManager : found /templates/r2rml/datatypeMapManyCols.vm with loader org.apache.velocity.runtime.resource.loader.ClasspathResourceLoader
2013-10-23 19:18:49,476 - ResourceManager : found /templates/r2rml/objectMap.vm with loader org.apache.velocity.runtime.resource.loader.ClasspathResourceLoader
2013-10-23 19:18:49,479 - ResourceManager : found /templates/r2rml/objectMap.vm with loader org.apache.velocity.runtime.resource.loader.ClasspathResourceLoader
2013-10-23 19:18:49,480 - ResourceManager : found /templates/r2rml/datatypeMap.vm with loader org.apache.velocity.runtime.resource.loader.ClasspathResourceLoader
2013-10-23 19:18:49,480 - ResourceManager : found /templates/r2rml/datatypeMap.vm with loader org.apache.velocity.runtime.resource.loader.ClasspathResourceLoader
2013-10-23 19:18:49,481 - ResourceManager : found /templates/r2rml/datatypeMap.vm with loader org.apache.velocity.runtime.resource.loader.ClasspathResourceLoader
2013-10-23 19:18:49,483 - ResourceManager : found /templates/r2rml/objectMap.vm with loader org.apache.velocity.runtime.resource.loader.ClasspathResourceLoader
2013-10-23 19:18:49,484 - ResourceManager : found /templates/r2rml/objectMap.vm with loader org.apache.velocity.runtime.resource.loader.ClasspathResourceLoader
2013-10-23 19:18:49,486 - ResourceManager : found /templates/r2rml/datatypeMap.vm with loader org.apache.velocity.runtime.resource.loader.ClasspathResourceLoader
2013-10-23 19:18:49,486 - ResourceManager : found /templates/r2rml/datatypeMap.vm with loader org.apache.velocity.runtime.resource.loader.ClasspathResourceLoader
2013-10-23 19:18:49,488 - ResourceManager : found /templates/r2rml/objectMap.vm with loader org.apache.velocity.runtime.resource.loader.ClasspathResourceLoader
2013-10-23 19:18:49,490 - ResourceManager : found /templates/r2rml/datatypeMap.vm with loader org.apache.velocity.runtime.resource.loader.ClasspathResourceLoader
2013-10-23 19:18:49,491 - ResourceManager : found /templates/r2rml/datatypeMap.vm with loader org.apache.velocity.runtime.resource.loader.ClasspathResourceLoader
2013-10-23 19:18:49,491 - ResourceManager : found /templates/r2rml/datatypeMap.vm with loader org.apache.velocity.runtime.resource.loader.ClasspathResourceLoader
2013-10-23 19:18:49,492 - ResourceManager : found /templates/r2rml/datatypeMap.vm with loader org.apache.velocity.runtime.resource.loader.ClasspathResourceLoader
2013-10-23 19:18:49,493 - ResourceManager : found /templates/r2rml/datatypeMap.vm with loader org.apache.velocity.runtime.resource.loader.ClasspathResourceLoader
2013-10-23 19:18:49,494 - ResourceManager : found /templates/r2rml/datatypeMap.vm with loader org.apache.velocity.runtime.resource.loader.ClasspathResourceLoader
2013-10-23 19:18:49,494 - ResourceManager : found /templates/r2rml/datatypeMap.vm with loader org.apache.velocity.runtime.resource.loader.ClasspathResourceLoader
2013-10-23 19:18:49,495 - ResourceManager : found /templates/r2rml/datatypeMap.vm with loader org.apache.velocity.runtime.resource.loader.ClasspathResourceLoader
2013-10-23 19:18:49,496 - ResourceManager : found /templates/r2rml/objectMap.vm with loader org.apache.velocity.runtime.resource.loader.ClasspathResourceLoader
2013-11-15 04:30:46,689 - Log4JLogChute initialized using file 'velocity.log'
2013-11-15 04:30:46,701 - Starting Apache Velocity v1.5 (compiled: 2007-02-22 08:52:29)
2013-11-15 04:30:46,702 - Default Properties File: org\apache\velocity\runtime\defaults\velocity.properties
2013-11-15 04:30:46,702 - Trying to use logger class org.apache.velocity.runtime.log.AvalonLogChute
2013-11-15 04:30:46,703 - Couldn't find class org.apache.velocity.runtime.log.AvalonLogChute or necessary supporting classes in classpath.
java.lang.NoClassDefFoundError: org/apache/log/format/Formatter
	at java.lang.Class.forName0(Native Method)
	at java.lang.Class.forName(Class.java:264)
	at org.apache.velocity.util.ClassUtils.getClass(ClassUtils.java:63)
	at org.apache.velocity.util.ClassUtils.getNewInstance(ClassUtils.java:95)
	at org.apache.velocity.runtime.log.LogManager.createLogChute(LogManager.java:147)
	at org.apache.velocity.runtime.log.LogManager.updateLog(LogManager.java:208)
	at org.apache.velocity.runtime.RuntimeInstance.initializeLog(RuntimeInstance.java:728)
	at org.apache.velocity.runtime.RuntimeInstance.init(RuntimeInstance.java:240)
	at org.apache.velocity.runtime.RuntimeSingleton.init(RuntimeSingleton.java:113)
	at org.apache.velocity.app.Velocity.init(Velocity.java:83)
	at rdb2rdfmappingbuilder.TemplateUtil.loadTemplate(TemplateUtil.java:49)
	at rdb2rdfmappingbuilder.TemplateUtil.applyTemplate(TemplateUtil.java:21)
	at br.ufc.mcc.arida.rdb2rdfmb.mapping.ViewsGen.buildViews(ViewsGen.java:153)
	at rdb2rdfmappingbuilder.MainController.createSqlViewsFired(MainController.java:712)
	at sun.reflect.NativeMethodAccessorImpl.invoke0(Native Method)
	at sun.reflect.NativeMethodAccessorImpl.invoke(NativeMethodAccessorImpl.java:57)
	at sun.reflect.DelegatingMethodAccessorImpl.invoke(DelegatingMethodAccessorImpl.java:43)
	at java.lang.reflect.Method.invoke(Method.java:601)
	at javafx.fxml.FXMLLoader$ControllerMethodEventHandler.handle(FXMLLoader.java:1435)
	at com.sun.javafx.event.CompositeEventHandler.dispatchBubblingEvent(CompositeEventHandler.java:69)
	at com.sun.javafx.event.EventHandlerManager.dispatchBubblingEvent(EventHandlerManager.java:217)
	at com.sun.javafx.event.EventHandlerManager.dispatchBubblingEvent(EventHandlerManager.java:170)
	at com.sun.javafx.event.CompositeEventDispatcher.dispatchBubblingEvent(CompositeEventDispatcher.java:38)
	at com.sun.javafx.event.BasicEventDispatcher.dispatchEvent(BasicEventDispatcher.java:37)
	at com.sun.javafx.event.EventDispatchChainImpl.dispatchEvent(EventDispatchChainImpl.java:92)
	at com.sun.javafx.event.BasicEventDispatcher.dispatchEvent(BasicEventDispatcher.java:35)
	at com.sun.javafx.event.EventDispatchChainImpl.dispatchEvent(EventDispatchChainImpl.java:92)
	at com.sun.javafx.event.BasicEventDispatcher.dispatchEvent(BasicEventDispatcher.java:35)
	at com.sun.javafx.event.EventDispatchChainImpl.dispatchEvent(EventDispatchChainImpl.java:92)
	at com.sun.javafx.event.BasicEventDispatcher.dispatchEvent(BasicEventDispatcher.java:35)
	at com.sun.javafx.event.EventDispatchChainImpl.dispatchEvent(EventDispatchChainImpl.java:92)
	at com.sun.javafx.event.BasicEventDispatcher.dispatchEvent(BasicEventDispatcher.java:35)
	at com.sun.javafx.event.EventDispatchChainImpl.dispatchEvent(EventDispatchChainImpl.java:92)
	at com.sun.javafx.event.BasicEventDispatcher.dispatchEvent(BasicEventDispatcher.java:35)
	at com.sun.javafx.event.EventDispatchChainImpl.dispatchEvent(EventDispatchChainImpl.java:92)
	at com.sun.javafx.event.BasicEventDispatcher.dispatchEvent(BasicEventDispatcher.java:35)
	at com.sun.javafx.event.EventDispatchChainImpl.dispatchEvent(EventDispatchChainImpl.java:92)
	at com.sun.javafx.event.BasicEventDispatcher.dispatchEvent(BasicEventDispatcher.java:35)
	at com.sun.javafx.event.EventDispatchChainImpl.dispatchEvent(EventDispatchChainImpl.java:92)
	at com.sun.javafx.event.EventUtil.fireEventImpl(EventUtil.java:53)
	at com.sun.javafx.event.EventUtil.fireEvent(EventUtil.java:28)
	at javafx.event.Event.fireEvent(Event.java:171)
	at javafx.scene.Node.fireEvent(Node.java:6863)
	at javafx.scene.control.Button.fire(Button.java:179)
	at com.sun.javafx.scene.control.behavior.ButtonBehavior.mouseReleased(ButtonBehavior.java:193)
	at com.sun.javafx.scene.control.skin.SkinBase$4.handle(SkinBase.java:336)
	at com.sun.javafx.scene.control.skin.SkinBase$4.handle(SkinBase.java:329)
	at com.sun.javafx.event.CompositeEventHandler.dispatchBubblingEvent(CompositeEventHandler.java:64)
	at com.sun.javafx.event.EventHandlerManager.dispatchBubblingEvent(EventHandlerManager.java:217)
	at com.sun.javafx.event.EventHandlerManager.dispatchBubblingEvent(EventHandlerManager.java:170)
	at com.sun.javafx.event.CompositeEventDispatcher.dispatchBubblingEvent(CompositeEventDispatcher.java:38)
	at com.sun.javafx.event.BasicEventDispatcher.dispatchEvent(BasicEventDispatcher.java:37)
	at com.sun.javafx.event.EventDispatchChainImpl.dispatchEvent(EventDispatchChainImpl.java:92)
	at com.sun.javafx.event.BasicEventDispatcher.dispatchEvent(BasicEventDispatcher.java:35)
	at com.sun.javafx.event.EventDispatchChainImpl.dispatchEvent(EventDispatchChainImpl.java:92)
	at com.sun.javafx.event.BasicEventDispatcher.dispatchEvent(BasicEventDispatcher.java:35)
	at com.sun.javafx.event.EventDispatchChainImpl.dispatchEvent(EventDispatchChainImpl.java:92)
	at com.sun.javafx.event.BasicEventDispatcher.dispatchEvent(BasicEventDispatcher.java:35)
	at com.sun.javafx.event.EventDispatchChainImpl.dispatchEvent(EventDispatchChainImpl.java:92)
	at com.sun.javafx.event.BasicEventDispatcher.dispatchEvent(BasicEventDispatcher.java:35)
	at com.sun.javafx.event.EventDispatchChainImpl.dispatchEvent(EventDispatchChainImpl.java:92)
	at com.sun.javafx.event.BasicEventDispatcher.dispatchEvent(BasicEventDispatcher.java:35)
	at com.sun.javafx.event.EventDispatchChainImpl.dispatchEvent(EventDispatchChainImpl.java:92)
	at com.sun.javafx.event.BasicEventDispatcher.dispatchEvent(BasicEventDispatcher.java:35)
	at com.sun.javafx.event.EventDispatchChainImpl.dispatchEvent(EventDispatchChainImpl.java:92)
	at com.sun.javafx.event.BasicEventDispatcher.dispatchEvent(BasicEventDispatcher.java:35)
	at com.sun.javafx.event.EventDispatchChainImpl.dispatchEvent(EventDispatchChainImpl.java:92)
	at com.sun.javafx.event.BasicEventDispatcher.dispatchEvent(BasicEventDispatcher.java:35)
	at com.sun.javafx.event.EventDispatchChainImpl.dispatchEvent(EventDispatchChainImpl.java:92)
	at com.sun.javafx.event.EventUtil.fireEventImpl(EventUtil.java:53)
	at com.sun.javafx.event.EventUtil.fireEvent(EventUtil.java:33)
	at javafx.event.Event.fireEvent(Event.java:171)
	at javafx.scene.Scene$MouseHandler.process(Scene.java:3324)
	at javafx.scene.Scene$MouseHandler.process(Scene.java:3164)
	at javafx.scene.Scene$MouseHandler.access$1900(Scene.java:3119)
	at javafx.scene.Scene.impl_processMouseEvent(Scene.java:1559)
	at javafx.scene.Scene$ScenePeerListener.mouseEvent(Scene.java:2261)
	at com.sun.javafx.tk.quantum.GlassViewEventHandler.handleMouseEvent(GlassViewEventHandler.java:228)
	at com.sun.glass.ui.View.handleMouseEvent(View.java:528)
	at com.sun.glass.ui.View.notifyMouse(View.java:922)
	at com.sun.glass.ui.win.WinApplication._runLoop(Native Method)
	at com.sun.glass.ui.win.WinApplication.access$100(WinApplication.java:29)
	at com.sun.glass.ui.win.WinApplication$3$1.run(WinApplication.java:73)
	at java.lang.Thread.run(Thread.java:722)
Caused by: java.lang.ClassNotFoundException: org.apache.log.format.Formatter
	at java.net.URLClassLoader$1.run(URLClassLoader.java:366)
	at java.net.URLClassLoader$1.run(URLClassLoader.java:355)
	at java.security.AccessController.doPrivileged(Native Method)
	at java.net.URLClassLoader.findClass(URLClassLoader.java:354)
	at java.lang.ClassLoader.loadClass(ClassLoader.java:423)
	at java.lang.ClassLoader.loadClass(ClassLoader.java:356)
	... 84 more
2013-11-15 04:30:46,708 - Trying to use logger class org.apache.velocity.runtime.log.Log4JLogChute
2013-11-15 04:30:46,708 - Using logger class org.apache.velocity.runtime.log.Log4JLogChute
2013-11-15 04:30:46,712 - Default ResourceManager initializing. (class org.apache.velocity.runtime.resource.ResourceManagerImpl)
2013-11-15 04:30:46,715 - ResourceLoader instantiated: org.apache.velocity.runtime.resource.loader.ClasspathResourceLoader
2013-11-15 04:30:46,736 - ResourceCache: initialized (class org.apache.velocity.runtime.resource.ResourceCacheImpl)
2013-11-15 04:30:46,738 - Loaded System Directive: org.apache.velocity.runtime.directive.Literal
2013-11-15 04:30:46,740 - Loaded System Directive: org.apache.velocity.runtime.directive.Macro
2013-11-15 04:30:46,742 - Loaded System Directive: org.apache.velocity.runtime.directive.Parse
2013-11-15 04:30:46,745 - Loaded System Directive: org.apache.velocity.runtime.directive.Include
2013-11-15 04:30:46,746 - Loaded System Directive: org.apache.velocity.runtime.directive.Foreach
2013-11-15 04:30:46,828 - Created '20' parsers.
2013-11-15 04:30:46,834 - Velocimacro : "velocimacro.library" is not set.  Trying default library: VM_global_library.vm
2013-11-15 04:30:46,835 - Velocimacro : Default library not found.
2013-11-15 04:30:46,835 - Velocimacro : allowInline = true : VMs can be defined inline in templates
2013-11-15 04:30:46,835 - Velocimacro : allowInlineToOverride = false : VMs defined inline may NOT replace previous VM definitions
2013-11-15 04:30:46,835 - Velocimacro : allowInlineLocal = false : VMs defined inline will be global in scope if allowed.
2013-11-15 04:30:46,835 - Velocimacro : autoload off : VM system will not automatically reload global library macros
2013-11-15 04:30:46,854 - ResourceManager : found /templates/views/simpleView.vm with loader org.apache.velocity.runtime.resource.loader.ClasspathResourceLoader
2013-11-15 04:30:53,267 - ResourceManager : found /templates/r2rml/subjectMap.vm with loader org.apache.velocity.runtime.resource.loader.ClasspathResourceLoader
2013-11-15 04:30:53,270 - ResourceManager : found /templates/r2rml/predicateObjectMap.vm with loader org.apache.velocity.runtime.resource.loader.ClasspathResourceLoader
2013-11-15 04:30:53,271 - ResourceManager : found /templates/r2rml/datatypeMap.vm with loader org.apache.velocity.runtime.resource.loader.ClasspathResourceLoader
2013-11-15 04:30:53,272 - ResourceManager : found /templates/r2rml/datatypeMap.vm with loader org.apache.velocity.runtime.resource.loader.ClasspathResourceLoader
2013-11-15 04:30:53,272 - ResourceManager : found /templates/r2rml/datatypeMap.vm with loader org.apache.velocity.runtime.resource.loader.ClasspathResourceLoader
2013-11-16 10:17:31,192 - Log4JLogChute initialized using file 'velocity.log'
2013-11-16 10:17:31,207 - Starting Apache Velocity v1.5 (compiled: 2007-02-22 08:52:29)
2013-11-16 10:17:31,207 - Default Properties File: org\apache\velocity\runtime\defaults\velocity.properties
2013-11-16 10:17:31,207 - Trying to use logger class org.apache.velocity.runtime.log.AvalonLogChute
2013-11-16 10:17:31,208 - Couldn't find class org.apache.velocity.runtime.log.AvalonLogChute or necessary supporting classes in classpath.
java.lang.NoClassDefFoundError: org/apache/log/format/Formatter
	at java.lang.Class.forName0(Native Method)
	at java.lang.Class.forName(Class.java:264)
	at org.apache.velocity.util.ClassUtils.getClass(ClassUtils.java:63)
	at org.apache.velocity.util.ClassUtils.getNewInstance(ClassUtils.java:95)
	at org.apache.velocity.runtime.log.LogManager.createLogChute(LogManager.java:147)
	at org.apache.velocity.runtime.log.LogManager.updateLog(LogManager.java:208)
	at org.apache.velocity.runtime.RuntimeInstance.initializeLog(RuntimeInstance.java:728)
	at org.apache.velocity.runtime.RuntimeInstance.init(RuntimeInstance.java:240)
	at org.apache.velocity.runtime.RuntimeSingleton.init(RuntimeSingleton.java:113)
	at org.apache.velocity.app.Velocity.init(Velocity.java:83)
	at rdb2rdfmappingbuilder.TemplateUtil.loadTemplate(TemplateUtil.java:49)
	at rdb2rdfmappingbuilder.TemplateUtil.applyTemplate(TemplateUtil.java:21)
	at br.ufc.mcc.arida.rdb2rdfmb.mapping.ViewsGen.buildViews(ViewsGen.java:143)
	at rdb2rdfmappingbuilder.MainController.createSqlViewsFired(MainController.java:712)
	at sun.reflect.NativeMethodAccessorImpl.invoke0(Native Method)
	at sun.reflect.NativeMethodAccessorImpl.invoke(NativeMethodAccessorImpl.java:57)
	at sun.reflect.DelegatingMethodAccessorImpl.invoke(DelegatingMethodAccessorImpl.java:43)
	at java.lang.reflect.Method.invoke(Method.java:601)
	at javafx.fxml.FXMLLoader$ControllerMethodEventHandler.handle(FXMLLoader.java:1435)
	at com.sun.javafx.event.CompositeEventHandler.dispatchBubblingEvent(CompositeEventHandler.java:69)
	at com.sun.javafx.event.EventHandlerManager.dispatchBubblingEvent(EventHandlerManager.java:217)
	at com.sun.javafx.event.EventHandlerManager.dispatchBubblingEvent(EventHandlerManager.java:170)
	at com.sun.javafx.event.CompositeEventDispatcher.dispatchBubblingEvent(CompositeEventDispatcher.java:38)
	at com.sun.javafx.event.BasicEventDispatcher.dispatchEvent(BasicEventDispatcher.java:37)
	at com.sun.javafx.event.EventDispatchChainImpl.dispatchEvent(EventDispatchChainImpl.java:92)
	at com.sun.javafx.event.BasicEventDispatcher.dispatchEvent(BasicEventDispatcher.java:35)
	at com.sun.javafx.event.EventDispatchChainImpl.dispatchEvent(EventDispatchChainImpl.java:92)
	at com.sun.javafx.event.BasicEventDispatcher.dispatchEvent(BasicEventDispatcher.java:35)
	at com.sun.javafx.event.EventDispatchChainImpl.dispatchEvent(EventDispatchChainImpl.java:92)
	at com.sun.javafx.event.BasicEventDispatcher.dispatchEvent(BasicEventDispatcher.java:35)
	at com.sun.javafx.event.EventDispatchChainImpl.dispatchEvent(EventDispatchChainImpl.java:92)
	at com.sun.javafx.event.BasicEventDispatcher.dispatchEvent(BasicEventDispatcher.java:35)
	at com.sun.javafx.event.EventDispatchChainImpl.dispatchEvent(EventDispatchChainImpl.java:92)
	at com.sun.javafx.event.BasicEventDispatcher.dispatchEvent(BasicEventDispatcher.java:35)
	at com.sun.javafx.event.EventDispatchChainImpl.dispatchEvent(EventDispatchChainImpl.java:92)
	at com.sun.javafx.event.BasicEventDispatcher.dispatchEvent(BasicEventDispatcher.java:35)
	at com.sun.javafx.event.EventDispatchChainImpl.dispatchEvent(EventDispatchChainImpl.java:92)
	at com.sun.javafx.event.BasicEventDispatcher.dispatchEvent(BasicEventDispatcher.java:35)
	at com.sun.javafx.event.EventDispatchChainImpl.dispatchEvent(EventDispatchChainImpl.java:92)
	at com.sun.javafx.event.EventUtil.fireEventImpl(EventUtil.java:53)
	at com.sun.javafx.event.EventUtil.fireEvent(EventUtil.java:28)
	at javafx.event.Event.fireEvent(Event.java:171)
	at javafx.scene.Node.fireEvent(Node.java:6863)
	at javafx.scene.control.Button.fire(Button.java:179)
	at com.sun.javafx.scene.control.behavior.ButtonBehavior.mouseReleased(ButtonBehavior.java:193)
	at com.sun.javafx.scene.control.skin.SkinBase$4.handle(SkinBase.java:336)
	at com.sun.javafx.scene.control.skin.SkinBase$4.handle(SkinBase.java:329)
	at com.sun.javafx.event.CompositeEventHandler.dispatchBubblingEvent(CompositeEventHandler.java:64)
	at com.sun.javafx.event.EventHandlerManager.dispatchBubblingEvent(EventHandlerManager.java:217)
	at com.sun.javafx.event.EventHandlerManager.dispatchBubblingEvent(EventHandlerManager.java:170)
	at com.sun.javafx.event.CompositeEventDispatcher.dispatchBubblingEvent(CompositeEventDispatcher.java:38)
	at com.sun.javafx.event.BasicEventDispatcher.dispatchEvent(BasicEventDispatcher.java:37)
	at com.sun.javafx.event.EventDispatchChainImpl.dispatchEvent(EventDispatchChainImpl.java:92)
	at com.sun.javafx.event.BasicEventDispatcher.dispatchEvent(BasicEventDispatcher.java:35)
	at com.sun.javafx.event.EventDispatchChainImpl.dispatchEvent(EventDispatchChainImpl.java:92)
	at com.sun.javafx.event.BasicEventDispatcher.dispatchEvent(BasicEventDispatcher.java:35)
	at com.sun.javafx.event.EventDispatchChainImpl.dispatchEvent(EventDispatchChainImpl.java:92)
	at com.sun.javafx.event.BasicEventDispatcher.dispatchEvent(BasicEventDispatcher.java:35)
	at com.sun.javafx.event.EventDispatchChainImpl.dispatchEvent(EventDispatchChainImpl.java:92)
	at com.sun.javafx.event.BasicEventDispatcher.dispatchEvent(BasicEventDispatcher.java:35)
	at com.sun.javafx.event.EventDispatchChainImpl.dispatchEvent(EventDispatchChainImpl.java:92)
	at com.sun.javafx.event.BasicEventDispatcher.dispatchEvent(BasicEventDispatcher.java:35)
	at com.sun.javafx.event.EventDispatchChainImpl.dispatchEvent(EventDispatchChainImpl.java:92)
	at com.sun.javafx.event.BasicEventDispatcher.dispatchEvent(BasicEventDispatcher.java:35)
	at com.sun.javafx.event.EventDispatchChainImpl.dispatchEvent(EventDispatchChainImpl.java:92)
	at com.sun.javafx.event.BasicEventDispatcher.dispatchEvent(BasicEventDispatcher.java:35)
	at com.sun.javafx.event.EventDispatchChainImpl.dispatchEvent(EventDispatchChainImpl.java:92)
	at com.sun.javafx.event.BasicEventDispatcher.dispatchEvent(BasicEventDispatcher.java:35)
	at com.sun.javafx.event.EventDispatchChainImpl.dispatchEvent(EventDispatchChainImpl.java:92)
	at com.sun.javafx.event.EventUtil.fireEventImpl(EventUtil.java:53)
	at com.sun.javafx.event.EventUtil.fireEvent(EventUtil.java:33)
	at javafx.event.Event.fireEvent(Event.java:171)
	at javafx.scene.Scene$MouseHandler.process(Scene.java:3324)
	at javafx.scene.Scene$MouseHandler.process(Scene.java:3164)
	at javafx.scene.Scene$MouseHandler.access$1900(Scene.java:3119)
	at javafx.scene.Scene.impl_processMouseEvent(Scene.java:1559)
	at javafx.scene.Scene$ScenePeerListener.mouseEvent(Scene.java:2261)
	at com.sun.javafx.tk.quantum.GlassViewEventHandler.handleMouseEvent(GlassViewEventHandler.java:228)
	at com.sun.glass.ui.View.handleMouseEvent(View.java:528)
	at com.sun.glass.ui.View.notifyMouse(View.java:922)
	at com.sun.glass.ui.win.WinApplication._runLoop(Native Method)
	at com.sun.glass.ui.win.WinApplication.access$100(WinApplication.java:29)
	at com.sun.glass.ui.win.WinApplication$3$1.run(WinApplication.java:73)
	at java.lang.Thread.run(Thread.java:722)
Caused by: java.lang.ClassNotFoundException: org.apache.log.format.Formatter
	at java.net.URLClassLoader$1.run(URLClassLoader.java:366)
	at java.net.URLClassLoader$1.run(URLClassLoader.java:355)
	at java.security.AccessController.doPrivileged(Native Method)
	at java.net.URLClassLoader.findClass(URLClassLoader.java:354)
	at java.lang.ClassLoader.loadClass(ClassLoader.java:423)
	at java.lang.ClassLoader.loadClass(ClassLoader.java:356)
	... 84 more
2013-11-16 10:17:31,213 - Trying to use logger class org.apache.velocity.runtime.log.Log4JLogChute
2013-11-16 10:17:31,214 - Using logger class org.apache.velocity.runtime.log.Log4JLogChute
2013-11-16 10:17:31,217 - Default ResourceManager initializing. (class org.apache.velocity.runtime.resource.ResourceManagerImpl)
2013-11-16 10:17:31,220 - ResourceLoader instantiated: org.apache.velocity.runtime.resource.loader.ClasspathResourceLoader
2013-11-16 10:17:31,241 - ResourceCache: initialized (class org.apache.velocity.runtime.resource.ResourceCacheImpl)
2013-11-16 10:17:31,242 - Loaded System Directive: org.apache.velocity.runtime.directive.Literal
2013-11-16 10:17:31,244 - Loaded System Directive: org.apache.velocity.runtime.directive.Macro
2013-11-16 10:17:31,246 - Loaded System Directive: org.apache.velocity.runtime.directive.Parse
2013-11-16 10:17:31,249 - Loaded System Directive: org.apache.velocity.runtime.directive.Include
2013-11-16 10:17:31,250 - Loaded System Directive: org.apache.velocity.runtime.directive.Foreach
2013-11-16 10:17:31,304 - Created '20' parsers.
2013-11-16 10:17:31,313 - Velocimacro : "velocimacro.library" is not set.  Trying default library: VM_global_library.vm
2013-11-16 10:17:31,313 - Velocimacro : Default library not found.
2013-11-16 10:17:31,313 - Velocimacro : allowInline = true : VMs can be defined inline in templates
2013-11-16 10:17:31,314 - Velocimacro : allowInlineToOverride = false : VMs defined inline may NOT replace previous VM definitions
2013-11-16 10:17:31,314 - Velocimacro : allowInlineLocal = false : VMs defined inline will be global in scope if allowed.
2013-11-16 10:17:31,314 - Velocimacro : autoload off : VM system will not automatically reload global library macros
2013-11-16 10:17:31,344 - ResourceManager : found /templates/views/pathView.vm with loader org.apache.velocity.runtime.resource.loader.ClasspathResourceLoader
2013-11-16 10:17:31,356 - ResourceManager : found /templates/views/simpleView.vm with loader org.apache.velocity.runtime.resource.loader.ClasspathResourceLoader
2013-11-16 10:19:27,452 - ResourceManager : found /templates/views/pathFilterView.vm with loader org.apache.velocity.runtime.resource.loader.ClasspathResourceLoader
2013-11-16 10:19:27,459 - ResourceManager : found /templates/views/pathView.vm with loader org.apache.velocity.runtime.resource.loader.ClasspathResourceLoader
2013-11-16 10:19:27,465 - ResourceManager : found /templates/views/pathView.vm with loader org.apache.velocity.runtime.resource.loader.ClasspathResourceLoader
2013-11-16 10:19:27,469 - ResourceManager : found /templates/views/filterView.vm with loader org.apache.velocity.runtime.resource.loader.ClasspathResourceLoader
2013-11-16 10:19:27,471 - ResourceManager : found /templates/views/simpleView.vm with loader org.apache.velocity.runtime.resource.loader.ClasspathResourceLoader
2013-11-16 12:09:31,978 - ResourceManager : found /templates/r2rml/subjectMap.vm with loader org.apache.velocity.runtime.resource.loader.ClasspathResourceLoader
2013-11-16 12:09:31,981 - ResourceManager : found /templates/r2rml/predicateObjectMap.vm with loader org.apache.velocity.runtime.resource.loader.ClasspathResourceLoader
2013-11-16 12:09:31,982 - ResourceManager : found /templates/r2rml/datatypeMap.vm with loader org.apache.velocity.runtime.resource.loader.ClasspathResourceLoader
2013-11-16 12:09:31,983 - ResourceManager : found /templates/r2rml/datatypeMapManyCols.vm with loader org.apache.velocity.runtime.resource.loader.ClasspathResourceLoader
2013-11-16 12:09:31,984 - ResourceManager : found /templates/r2rml/objectMap.vm with loader org.apache.velocity.runtime.resource.loader.ClasspathResourceLoader
2013-11-16 12:09:31,986 - ResourceManager : found /templates/r2rml/objectMap.vm with loader org.apache.velocity.runtime.resource.loader.ClasspathResourceLoader
2013-11-16 12:09:31,987 - ResourceManager : found /templates/r2rml/datatypeMap.vm with loader org.apache.velocity.runtime.resource.loader.ClasspathResourceLoader
2013-11-16 12:09:31,987 - ResourceManager : found /templates/r2rml/datatypeMap.vm with loader org.apache.velocity.runtime.resource.loader.ClasspathResourceLoader
2013-11-16 12:09:31,988 - ResourceManager : found /templates/r2rml/datatypeMap.vm with loader org.apache.velocity.runtime.resource.loader.ClasspathResourceLoader
2013-11-16 12:09:31,989 - ResourceManager : found /templates/r2rml/objectMap.vm with loader org.apache.velocity.runtime.resource.loader.ClasspathResourceLoader
2013-11-16 12:09:31,989 - ResourceManager : found /templates/r2rml/datatypeMap.vm with loader org.apache.velocity.runtime.resource.loader.ClasspathResourceLoader
2013-11-16 12:09:31,990 - ResourceManager : found /templates/r2rml/datatypeMap.vm with loader org.apache.velocity.runtime.resource.loader.ClasspathResourceLoader
2013-11-16 12:09:31,990 - ResourceManager : found /templates/r2rml/datatypeMap.vm with loader org.apache.velocity.runtime.resource.loader.ClasspathResourceLoader
2013-11-16 12:09:31,992 - ResourceManager : found /templates/r2rml/objectMap.vm with loader org.apache.velocity.runtime.resource.loader.ClasspathResourceLoader
2013-11-16 12:09:31,993 - ResourceManager : found /templates/r2rml/objectMap.vm with loader org.apache.velocity.runtime.resource.loader.ClasspathResourceLoader
2013-11-16 12:09:31,994 - ResourceManager : found /templates/r2rml/objectMap.vm with loader org.apache.velocity.runtime.resource.loader.ClasspathResourceLoader
2013-11-18 10:20:43,031 - Log4JLogChute initialized using file 'velocity.log'
2013-11-18 10:20:43,071 - Starting Apache Velocity v1.5 (compiled: 2007-02-22 08:52:29)
2013-11-18 10:20:43,072 - Default Properties File: org\apache\velocity\runtime\defaults\velocity.properties
2013-11-18 10:20:43,072 - Trying to use logger class org.apache.velocity.runtime.log.AvalonLogChute
2013-11-18 10:20:43,073 - Couldn't find class org.apache.velocity.runtime.log.AvalonLogChute or necessary supporting classes in classpath.
java.lang.NoClassDefFoundError: org/apache/log/format/Formatter
	at java.lang.Class.forName0(Native Method)
	at java.lang.Class.forName(Class.java:264)
	at org.apache.velocity.util.ClassUtils.getClass(ClassUtils.java:63)
	at org.apache.velocity.util.ClassUtils.getNewInstance(ClassUtils.java:95)
	at org.apache.velocity.runtime.log.LogManager.createLogChute(LogManager.java:147)
	at org.apache.velocity.runtime.log.LogManager.updateLog(LogManager.java:208)
	at org.apache.velocity.runtime.RuntimeInstance.initializeLog(RuntimeInstance.java:728)
	at org.apache.velocity.runtime.RuntimeInstance.init(RuntimeInstance.java:240)
	at org.apache.velocity.runtime.RuntimeSingleton.init(RuntimeSingleton.java:113)
	at org.apache.velocity.app.Velocity.init(Velocity.java:83)
	at rdb2rdfmappingbuilder.TemplateUtil.loadTemplate(TemplateUtil.java:49)
	at rdb2rdfmappingbuilder.TemplateUtil.applyTemplate(TemplateUtil.java:21)
	at br.ufc.mcc.arida.rdb2rdfmb.mapping.ViewsGen.buildViews(ViewsGen.java:143)
	at rdb2rdfmappingbuilder.MainController.createSqlViewsFired(MainController.java:712)
	at sun.reflect.NativeMethodAccessorImpl.invoke0(Native Method)
	at sun.reflect.NativeMethodAccessorImpl.invoke(NativeMethodAccessorImpl.java:57)
	at sun.reflect.DelegatingMethodAccessorImpl.invoke(DelegatingMethodAccessorImpl.java:43)
	at java.lang.reflect.Method.invoke(Method.java:601)
	at javafx.fxml.FXMLLoader$ControllerMethodEventHandler.handle(FXMLLoader.java:1435)
	at com.sun.javafx.event.CompositeEventHandler.dispatchBubblingEvent(CompositeEventHandler.java:69)
	at com.sun.javafx.event.EventHandlerManager.dispatchBubblingEvent(EventHandlerManager.java:217)
	at com.sun.javafx.event.EventHandlerManager.dispatchBubblingEvent(EventHandlerManager.java:170)
	at com.sun.javafx.event.CompositeEventDispatcher.dispatchBubblingEvent(CompositeEventDispatcher.java:38)
	at com.sun.javafx.event.BasicEventDispatcher.dispatchEvent(BasicEventDispatcher.java:37)
	at com.sun.javafx.event.EventDispatchChainImpl.dispatchEvent(EventDispatchChainImpl.java:92)
	at com.sun.javafx.event.BasicEventDispatcher.dispatchEvent(BasicEventDispatcher.java:35)
	at com.sun.javafx.event.EventDispatchChainImpl.dispatchEvent(EventDispatchChainImpl.java:92)
	at com.sun.javafx.event.BasicEventDispatcher.dispatchEvent(BasicEventDispatcher.java:35)
	at com.sun.javafx.event.EventDispatchChainImpl.dispatchEvent(EventDispatchChainImpl.java:92)
	at com.sun.javafx.event.BasicEventDispatcher.dispatchEvent(BasicEventDispatcher.java:35)
	at com.sun.javafx.event.EventDispatchChainImpl.dispatchEvent(EventDispatchChainImpl.java:92)
	at com.sun.javafx.event.BasicEventDispatcher.dispatchEvent(BasicEventDispatcher.java:35)
	at com.sun.javafx.event.EventDispatchChainImpl.dispatchEvent(EventDispatchChainImpl.java:92)
	at com.sun.javafx.event.BasicEventDispatcher.dispatchEvent(BasicEventDispatcher.java:35)
	at com.sun.javafx.event.EventDispatchChainImpl.dispatchEvent(EventDispatchChainImpl.java:92)
	at com.sun.javafx.event.BasicEventDispatcher.dispatchEvent(BasicEventDispatcher.java:35)
	at com.sun.javafx.event.EventDispatchChainImpl.dispatchEvent(EventDispatchChainImpl.java:92)
	at com.sun.javafx.event.BasicEventDispatcher.dispatchEvent(BasicEventDispatcher.java:35)
	at com.sun.javafx.event.EventDispatchChainImpl.dispatchEvent(EventDispatchChainImpl.java:92)
	at com.sun.javafx.event.EventUtil.fireEventImpl(EventUtil.java:53)
	at com.sun.javafx.event.EventUtil.fireEvent(EventUtil.java:28)
	at javafx.event.Event.fireEvent(Event.java:171)
	at javafx.scene.Node.fireEvent(Node.java:6863)
	at javafx.scene.control.Button.fire(Button.java:179)
	at com.sun.javafx.scene.control.behavior.ButtonBehavior.mouseReleased(ButtonBehavior.java:193)
	at com.sun.javafx.scene.control.skin.SkinBase$4.handle(SkinBase.java:336)
	at com.sun.javafx.scene.control.skin.SkinBase$4.handle(SkinBase.java:329)
	at com.sun.javafx.event.CompositeEventHandler.dispatchBubblingEvent(CompositeEventHandler.java:64)
	at com.sun.javafx.event.EventHandlerManager.dispatchBubblingEvent(EventHandlerManager.java:217)
	at com.sun.javafx.event.EventHandlerManager.dispatchBubblingEvent(EventHandlerManager.java:170)
	at com.sun.javafx.event.CompositeEventDispatcher.dispatchBubblingEvent(CompositeEventDispatcher.java:38)
	at com.sun.javafx.event.BasicEventDispatcher.dispatchEvent(BasicEventDispatcher.java:37)
	at com.sun.javafx.event.EventDispatchChainImpl.dispatchEvent(EventDispatchChainImpl.java:92)
	at com.sun.javafx.event.BasicEventDispatcher.dispatchEvent(BasicEventDispatcher.java:35)
	at com.sun.javafx.event.EventDispatchChainImpl.dispatchEvent(EventDispatchChainImpl.java:92)
	at com.sun.javafx.event.BasicEventDispatcher.dispatchEvent(BasicEventDispatcher.java:35)
	at com.sun.javafx.event.EventDispatchChainImpl.dispatchEvent(EventDispatchChainImpl.java:92)
	at com.sun.javafx.event.BasicEventDispatcher.dispatchEvent(BasicEventDispatcher.java:35)
	at com.sun.javafx.event.EventDispatchChainImpl.dispatchEvent(EventDispatchChainImpl.java:92)
	at com.sun.javafx.event.BasicEventDispatcher.dispatchEvent(BasicEventDispatcher.java:35)
	at com.sun.javafx.event.EventDispatchChainImpl.dispatchEvent(EventDispatchChainImpl.java:92)
	at com.sun.javafx.event.BasicEventDispatcher.dispatchEvent(BasicEventDispatcher.java:35)
	at com.sun.javafx.event.EventDispatchChainImpl.dispatchEvent(EventDispatchChainImpl.java:92)
	at com.sun.javafx.event.BasicEventDispatcher.dispatchEvent(BasicEventDispatcher.java:35)
	at com.sun.javafx.event.EventDispatchChainImpl.dispatchEvent(EventDispatchChainImpl.java:92)
	at com.sun.javafx.event.BasicEventDispatcher.dispatchEvent(BasicEventDispatcher.java:35)
	at com.sun.javafx.event.EventDispatchChainImpl.dispatchEvent(EventDispatchChainImpl.java:92)
	at com.sun.javafx.event.BasicEventDispatcher.dispatchEvent(BasicEventDispatcher.java:35)
	at com.sun.javafx.event.EventDispatchChainImpl.dispatchEvent(EventDispatchChainImpl.java:92)
	at com.sun.javafx.event.EventUtil.fireEventImpl(EventUtil.java:53)
	at com.sun.javafx.event.EventUtil.fireEvent(EventUtil.java:33)
	at javafx.event.Event.fireEvent(Event.java:171)
	at javafx.scene.Scene$MouseHandler.process(Scene.java:3324)
	at javafx.scene.Scene$MouseHandler.process(Scene.java:3164)
	at javafx.scene.Scene$MouseHandler.access$1900(Scene.java:3119)
	at javafx.scene.Scene.impl_processMouseEvent(Scene.java:1559)
	at javafx.scene.Scene$ScenePeerListener.mouseEvent(Scene.java:2261)
	at com.sun.javafx.tk.quantum.GlassViewEventHandler.handleMouseEvent(GlassViewEventHandler.java:228)
	at com.sun.glass.ui.View.handleMouseEvent(View.java:528)
	at com.sun.glass.ui.View.notifyMouse(View.java:922)
	at com.sun.glass.ui.win.WinApplication._runLoop(Native Method)
	at com.sun.glass.ui.win.WinApplication.access$100(WinApplication.java:29)
	at com.sun.glass.ui.win.WinApplication$3$1.run(WinApplication.java:73)
	at java.lang.Thread.run(Thread.java:722)
Caused by: java.lang.ClassNotFoundException: org.apache.log.format.Formatter
	at java.net.URLClassLoader$1.run(URLClassLoader.java:366)
	at java.net.URLClassLoader$1.run(URLClassLoader.java:355)
	at java.security.AccessController.doPrivileged(Native Method)
	at java.net.URLClassLoader.findClass(URLClassLoader.java:354)
	at java.lang.ClassLoader.loadClass(ClassLoader.java:423)
	at java.lang.ClassLoader.loadClass(ClassLoader.java:356)
	... 84 more
2013-11-18 10:20:43,078 - Trying to use logger class org.apache.velocity.runtime.log.Log4JLogChute
2013-11-18 10:20:43,078 - Using logger class org.apache.velocity.runtime.log.Log4JLogChute
2013-11-18 10:20:43,081 - Default ResourceManager initializing. (class org.apache.velocity.runtime.resource.ResourceManagerImpl)
2013-11-18 10:20:43,084 - ResourceLoader instantiated: org.apache.velocity.runtime.resource.loader.ClasspathResourceLoader
2013-11-18 10:20:43,105 - ResourceCache: initialized (class org.apache.velocity.runtime.resource.ResourceCacheImpl)
2013-11-18 10:20:43,107 - Loaded System Directive: org.apache.velocity.runtime.directive.Literal
2013-11-18 10:20:43,109 - Loaded System Directive: org.apache.velocity.runtime.directive.Macro
2013-11-18 10:20:43,111 - Loaded System Directive: org.apache.velocity.runtime.directive.Parse
2013-11-18 10:20:43,113 - Loaded System Directive: org.apache.velocity.runtime.directive.Include
2013-11-18 10:20:43,114 - Loaded System Directive: org.apache.velocity.runtime.directive.Foreach
2013-11-18 10:20:43,193 - Created '20' parsers.
2013-11-18 10:20:43,200 - Velocimacro : "velocimacro.library" is not set.  Trying default library: VM_global_library.vm
2013-11-18 10:20:43,201 - Velocimacro : Default library not found.
2013-11-18 10:20:43,201 - Velocimacro : allowInline = true : VMs can be defined inline in templates
2013-11-18 10:20:43,201 - Velocimacro : allowInlineToOverride = false : VMs defined inline may NOT replace previous VM definitions
2013-11-18 10:20:43,201 - Velocimacro : allowInlineLocal = false : VMs defined inline will be global in scope if allowed.
2013-11-18 10:20:43,201 - Velocimacro : autoload off : VM system will not automatically reload global library macros
2013-11-18 10:20:43,219 - ResourceManager : found /templates/views/pathView.vm with loader org.apache.velocity.runtime.resource.loader.ClasspathResourceLoader
2013-11-18 10:20:43,232 - ResourceManager : found /templates/views/simpleView.vm with loader org.apache.velocity.runtime.resource.loader.ClasspathResourceLoader
2013-11-18 10:20:43,234 - ResourceManager : found /templates/views/pathFilterView.vm with loader org.apache.velocity.runtime.resource.loader.ClasspathResourceLoader
2013-11-18 10:20:43,238 - ResourceManager : found /templates/views/pathView.vm with loader org.apache.velocity.runtime.resource.loader.ClasspathResourceLoader
2013-11-18 10:20:43,242 - ResourceManager : found /templates/views/pathView.vm with loader org.apache.velocity.runtime.resource.loader.ClasspathResourceLoader
2013-11-18 10:20:43,243 - ResourceManager : found /templates/views/filterView.vm with loader org.apache.velocity.runtime.resource.loader.ClasspathResourceLoader
2013-11-18 10:20:43,245 - ResourceManager : found /templates/views/simpleView.vm with loader org.apache.velocity.runtime.resource.loader.ClasspathResourceLoader
2013-11-18 10:20:47,596 - ResourceManager : found /templates/r2rml/subjectMap.vm with loader org.apache.velocity.runtime.resource.loader.ClasspathResourceLoader
2013-11-18 10:20:47,598 - ResourceManager : found /templates/r2rml/predicateObjectMap.vm with loader org.apache.velocity.runtime.resource.loader.ClasspathResourceLoader
2013-11-18 10:20:47,599 - ResourceManager : found /templates/r2rml/datatypeMap.vm with loader org.apache.velocity.runtime.resource.loader.ClasspathResourceLoader
2013-11-18 10:20:47,600 - ResourceManager : found /templates/r2rml/datatypeMapManyCols.vm with loader org.apache.velocity.runtime.resource.loader.ClasspathResourceLoader
2013-11-18 10:20:47,601 - ResourceManager : found /templates/r2rml/objectMap.vm with loader org.apache.velocity.runtime.resource.loader.ClasspathResourceLoader
2013-11-18 10:20:47,602 - ResourceManager : found /templates/r2rml/objectMap.vm with loader org.apache.velocity.runtime.resource.loader.ClasspathResourceLoader
2013-11-18 10:20:47,603 - ResourceManager : found /templates/r2rml/datatypeMap.vm with loader org.apache.velocity.runtime.resource.loader.ClasspathResourceLoader
2013-11-18 10:20:47,604 - ResourceManager : found /templates/r2rml/datatypeMap.vm with loader org.apache.velocity.runtime.resource.loader.ClasspathResourceLoader
2013-11-18 10:20:47,604 - ResourceManager : found /templates/r2rml/datatypeMap.vm with loader org.apache.velocity.runtime.resource.loader.ClasspathResourceLoader
2013-11-18 10:20:47,606 - ResourceManager : found /templates/r2rml/objectMap.vm with loader org.apache.velocity.runtime.resource.loader.ClasspathResourceLoader
2013-11-18 10:20:47,607 - ResourceManager : found /templates/r2rml/objectMap.vm with loader org.apache.velocity.runtime.resource.loader.ClasspathResourceLoader
2013-11-18 10:20:47,609 - ResourceManager : found /templates/r2rml/objectMap.vm with loader org.apache.velocity.runtime.resource.loader.ClasspathResourceLoader
2013-11-18 10:20:47,609 - ResourceManager : found /templates/r2rml/datatypeMap.vm with loader org.apache.velocity.runtime.resource.loader.ClasspathResourceLoader
2013-11-18 10:20:47,610 - ResourceManager : found /templates/r2rml/datatypeMap.vm with loader org.apache.velocity.runtime.resource.loader.ClasspathResourceLoader
2013-11-18 10:20:47,611 - ResourceManager : found /templates/r2rml/datatypeMap.vm with loader org.apache.velocity.runtime.resource.loader.ClasspathResourceLoader
2013-11-18 10:20:47,612 - ResourceManager : found /templates/r2rml/datatypeMap.vm with loader org.apache.velocity.runtime.resource.loader.ClasspathResourceLoader
2013-11-18 10:20:47,613 - ResourceManager : found /templates/r2rml/datatypeMap.vm with loader org.apache.velocity.runtime.resource.loader.ClasspathResourceLoader
2013-11-18 10:20:47,614 - ResourceManager : found /templates/r2rml/objectMap.vm with loader org.apache.velocity.runtime.resource.loader.ClasspathResourceLoader
2013-11-18 10:20:47,616 - ResourceManager : found /templates/r2rml/datatypeMap.vm with loader org.apache.velocity.runtime.resource.loader.ClasspathResourceLoader
2013-11-18 10:20:47,616 - ResourceManager : found /templates/r2rml/datatypeMap.vm with loader org.apache.velocity.runtime.resource.loader.ClasspathResourceLoader
2013-11-18 10:20:47,617 - ResourceManager : found /templates/r2rml/datatypeMap.vm with loader org.apache.velocity.runtime.resource.loader.ClasspathResourceLoader
2013-11-18 10:20:47,618 - ResourceManager : found /templates/r2rml/datatypeMap.vm with loader org.apache.velocity.runtime.resource.loader.ClasspathResourceLoader
2013-11-18 10:20:47,618 - ResourceManager : found /templates/r2rml/datatypeMap.vm with loader org.apache.velocity.runtime.resource.loader.ClasspathResourceLoader
2013-11-18 10:20:47,619 - ResourceManager : found /templates/r2rml/objectMap.vm with loader org.apache.velocity.runtime.resource.loader.ClasspathResourceLoader
2014-01-15 15:58:56,185 - Log4JLogChute initialized using file 'velocity.log'
2014-01-15 15:58:56,189 - Starting Apache Velocity v1.5 (compiled: 2007-02-22 08:52:29)
2014-01-15 15:58:56,189 - Default Properties File: org\apache\velocity\runtime\defaults\velocity.properties
2014-01-15 15:58:56,189 - Trying to use logger class org.apache.velocity.runtime.log.AvalonLogChute
2014-01-15 15:58:56,190 - Couldn't find class org.apache.velocity.runtime.log.AvalonLogChute or necessary supporting classes in classpath.
java.lang.NoClassDefFoundError: org/apache/log/format/Formatter
	at java.lang.Class.forName0(Native Method)
	at java.lang.Class.forName(Class.java:264)
	at org.apache.velocity.util.ClassUtils.getClass(ClassUtils.java:63)
	at org.apache.velocity.util.ClassUtils.getNewInstance(ClassUtils.java:95)
	at org.apache.velocity.runtime.log.LogManager.createLogChute(LogManager.java:147)
	at org.apache.velocity.runtime.log.LogManager.updateLog(LogManager.java:208)
	at org.apache.velocity.runtime.RuntimeInstance.initializeLog(RuntimeInstance.java:728)
	at org.apache.velocity.runtime.RuntimeInstance.init(RuntimeInstance.java:240)
	at org.apache.velocity.runtime.RuntimeSingleton.init(RuntimeSingleton.java:113)
	at org.apache.velocity.app.Velocity.init(Velocity.java:83)
	at rdb2rdfmappingbuilder.TemplateUtil.loadTemplate(TemplateUtil.java:49)
	at rdb2rdfmappingbuilder.TemplateUtil.applyTemplate(TemplateUtil.java:21)
	at br.ufc.mcc.arida.rdb2rdfmb.mapping.ViewsGen.buildViews(ViewsGen.java:153)
	at rdb2rdfmappingbuilder.MainController.createSqlViewsFired(MainController.java:712)
	at sun.reflect.NativeMethodAccessorImpl.invoke0(Native Method)
	at sun.reflect.NativeMethodAccessorImpl.invoke(NativeMethodAccessorImpl.java:57)
	at sun.reflect.DelegatingMethodAccessorImpl.invoke(DelegatingMethodAccessorImpl.java:43)
	at java.lang.reflect.Method.invoke(Method.java:601)
	at javafx.fxml.FXMLLoader$ControllerMethodEventHandler.handle(FXMLLoader.java:1435)
	at com.sun.javafx.event.CompositeEventHandler.dispatchBubblingEvent(CompositeEventHandler.java:69)
	at com.sun.javafx.event.EventHandlerManager.dispatchBubblingEvent(EventHandlerManager.java:217)
	at com.sun.javafx.event.EventHandlerManager.dispatchBubblingEvent(EventHandlerManager.java:170)
	at com.sun.javafx.event.CompositeEventDispatcher.dispatchBubblingEvent(CompositeEventDispatcher.java:38)
	at com.sun.javafx.event.BasicEventDispatcher.dispatchEvent(BasicEventDispatcher.java:37)
	at com.sun.javafx.event.EventDispatchChainImpl.dispatchEvent(EventDispatchChainImpl.java:92)
	at com.sun.javafx.event.BasicEventDispatcher.dispatchEvent(BasicEventDispatcher.java:35)
	at com.sun.javafx.event.EventDispatchChainImpl.dispatchEvent(EventDispatchChainImpl.java:92)
	at com.sun.javafx.event.BasicEventDispatcher.dispatchEvent(BasicEventDispatcher.java:35)
	at com.sun.javafx.event.EventDispatchChainImpl.dispatchEvent(EventDispatchChainImpl.java:92)
	at com.sun.javafx.event.BasicEventDispatcher.dispatchEvent(BasicEventDispatcher.java:35)
	at com.sun.javafx.event.EventDispatchChainImpl.dispatchEvent(EventDispatchChainImpl.java:92)
	at com.sun.javafx.event.BasicEventDispatcher.dispatchEvent(BasicEventDispatcher.java:35)
	at com.sun.javafx.event.EventDispatchChainImpl.dispatchEvent(EventDispatchChainImpl.java:92)
	at com.sun.javafx.event.BasicEventDispatcher.dispatchEvent(BasicEventDispatcher.java:35)
	at com.sun.javafx.event.EventDispatchChainImpl.dispatchEvent(EventDispatchChainImpl.java:92)
	at com.sun.javafx.event.BasicEventDispatcher.dispatchEvent(BasicEventDispatcher.java:35)
	at com.sun.javafx.event.EventDispatchChainImpl.dispatchEvent(EventDispatchChainImpl.java:92)
	at com.sun.javafx.event.BasicEventDispatcher.dispatchEvent(BasicEventDispatcher.java:35)
	at com.sun.javafx.event.EventDispatchChainImpl.dispatchEvent(EventDispatchChainImpl.java:92)
	at com.sun.javafx.event.EventUtil.fireEventImpl(EventUtil.java:53)
	at com.sun.javafx.event.EventUtil.fireEvent(EventUtil.java:28)
	at javafx.event.Event.fireEvent(Event.java:171)
	at javafx.scene.Node.fireEvent(Node.java:6863)
	at javafx.scene.control.Button.fire(Button.java:179)
	at com.sun.javafx.scene.control.behavior.ButtonBehavior.mouseReleased(ButtonBehavior.java:193)
	at com.sun.javafx.scene.control.skin.SkinBase$4.handle(SkinBase.java:336)
	at com.sun.javafx.scene.control.skin.SkinBase$4.handle(SkinBase.java:329)
	at com.sun.javafx.event.CompositeEventHandler.dispatchBubblingEvent(CompositeEventHandler.java:64)
	at com.sun.javafx.event.EventHandlerManager.dispatchBubblingEvent(EventHandlerManager.java:217)
	at com.sun.javafx.event.EventHandlerManager.dispatchBubblingEvent(EventHandlerManager.java:170)
	at com.sun.javafx.event.CompositeEventDispatcher.dispatchBubblingEvent(CompositeEventDispatcher.java:38)
	at com.sun.javafx.event.BasicEventDispatcher.dispatchEvent(BasicEventDispatcher.java:37)
	at com.sun.javafx.event.EventDispatchChainImpl.dispatchEvent(EventDispatchChainImpl.java:92)
	at com.sun.javafx.event.BasicEventDispatcher.dispatchEvent(BasicEventDispatcher.java:35)
	at com.sun.javafx.event.EventDispatchChainImpl.dispatchEvent(EventDispatchChainImpl.java:92)
	at com.sun.javafx.event.BasicEventDispatcher.dispatchEvent(BasicEventDispatcher.java:35)
	at com.sun.javafx.event.EventDispatchChainImpl.dispatchEvent(EventDispatchChainImpl.java:92)
	at com.sun.javafx.event.BasicEventDispatcher.dispatchEvent(BasicEventDispatcher.java:35)
	at com.sun.javafx.event.EventDispatchChainImpl.dispatchEvent(EventDispatchChainImpl.java:92)
	at com.sun.javafx.event.BasicEventDispatcher.dispatchEvent(BasicEventDispatcher.java:35)
	at com.sun.javafx.event.EventDispatchChainImpl.dispatchEvent(EventDispatchChainImpl.java:92)
	at com.sun.javafx.event.BasicEventDispatcher.dispatchEvent(BasicEventDispatcher.java:35)
	at com.sun.javafx.event.EventDispatchChainImpl.dispatchEvent(EventDispatchChainImpl.java:92)
	at com.sun.javafx.event.BasicEventDispatcher.dispatchEvent(BasicEventDispatcher.java:35)
	at com.sun.javafx.event.EventDispatchChainImpl.dispatchEvent(EventDispatchChainImpl.java:92)
	at com.sun.javafx.event.BasicEventDispatcher.dispatchEvent(BasicEventDispatcher.java:35)
	at com.sun.javafx.event.EventDispatchChainImpl.dispatchEvent(EventDispatchChainImpl.java:92)
	at com.sun.javafx.event.BasicEventDispatcher.dispatchEvent(BasicEventDispatcher.java:35)
	at com.sun.javafx.event.EventDispatchChainImpl.dispatchEvent(EventDispatchChainImpl.java:92)
	at com.sun.javafx.event.EventUtil.fireEventImpl(EventUtil.java:53)
	at com.sun.javafx.event.EventUtil.fireEvent(EventUtil.java:33)
	at javafx.event.Event.fireEvent(Event.java:171)
	at javafx.scene.Scene$MouseHandler.process(Scene.java:3324)
	at javafx.scene.Scene$MouseHandler.process(Scene.java:3164)
	at javafx.scene.Scene$MouseHandler.access$1900(Scene.java:3119)
	at javafx.scene.Scene.impl_processMouseEvent(Scene.java:1559)
	at javafx.scene.Scene$ScenePeerListener.mouseEvent(Scene.java:2261)
	at com.sun.javafx.tk.quantum.GlassViewEventHandler.handleMouseEvent(GlassViewEventHandler.java:228)
	at com.sun.glass.ui.View.handleMouseEvent(View.java:528)
	at com.sun.glass.ui.View.notifyMouse(View.java:922)
	at com.sun.glass.ui.win.WinApplication._runLoop(Native Method)
	at com.sun.glass.ui.win.WinApplication.access$100(WinApplication.java:29)
	at com.sun.glass.ui.win.WinApplication$3$1.run(WinApplication.java:73)
	at java.lang.Thread.run(Thread.java:722)
Caused by: java.lang.ClassNotFoundException: org.apache.log.format.Formatter
	at java.net.URLClassLoader$1.run(URLClassLoader.java:366)
	at java.net.URLClassLoader$1.run(URLClassLoader.java:355)
	at java.security.AccessController.doPrivileged(Native Method)
	at java.net.URLClassLoader.findClass(URLClassLoader.java:354)
	at java.lang.ClassLoader.loadClass(ClassLoader.java:423)
	at java.lang.ClassLoader.loadClass(ClassLoader.java:356)
	... 84 more
2014-01-15 15:58:56,195 - Trying to use logger class org.apache.velocity.runtime.log.Log4JLogChute
2014-01-15 15:58:56,195 - Using logger class org.apache.velocity.runtime.log.Log4JLogChute
2014-01-15 15:58:56,199 - Default ResourceManager initializing. (class org.apache.velocity.runtime.resource.ResourceManagerImpl)
2014-01-15 15:58:56,202 - ResourceLoader instantiated: org.apache.velocity.runtime.resource.loader.ClasspathResourceLoader
2014-01-15 15:58:56,223 - ResourceCache: initialized (class org.apache.velocity.runtime.resource.ResourceCacheImpl)
2014-01-15 15:58:56,224 - Loaded System Directive: org.apache.velocity.runtime.directive.Literal
2014-01-15 15:58:56,226 - Loaded System Directive: org.apache.velocity.runtime.directive.Macro
2014-01-15 15:58:56,228 - Loaded System Directive: org.apache.velocity.runtime.directive.Parse
2014-01-15 15:58:56,230 - Loaded System Directive: org.apache.velocity.runtime.directive.Include
2014-01-15 15:58:56,232 - Loaded System Directive: org.apache.velocity.runtime.directive.Foreach
2014-01-15 15:58:56,286 - Created '20' parsers.
2014-01-15 15:58:56,294 - Velocimacro : "velocimacro.library" is not set.  Trying default library: VM_global_library.vm
2014-01-15 15:58:56,295 - Velocimacro : Default library not found.
2014-01-15 15:58:56,295 - Velocimacro : allowInline = true : VMs can be defined inline in templates
2014-01-15 15:58:56,295 - Velocimacro : allowInlineToOverride = false : VMs defined inline may NOT replace previous VM definitions
2014-01-15 15:58:56,295 - Velocimacro : allowInlineLocal = false : VMs defined inline will be global in scope if allowed.
2014-01-15 15:58:56,295 - Velocimacro : autoload off : VM system will not automatically reload global library macros
2014-01-15 15:58:56,322 - ResourceManager : found /templates/views/simpleView.vm with loader org.apache.velocity.runtime.resource.loader.ClasspathResourceLoader
